2020-03-13 10:39:56,879 [      0]   INFO -        #com.intellij.idea.Main - ------------------------------------------------------ IDE STARTED ------------------------------------------------------ 
2020-03-13 10:39:56,962 [     83]   INFO -        #com.intellij.idea.Main - IDE: IntelliJ IDEA (build #IC-191.8026.42, 30 Jul 2019 01:04) 
2020-03-13 10:39:56,962 [     83]   INFO -        #com.intellij.idea.Main - OS: Mac OS X (10.14.6, x86_64) 
2020-03-13 10:39:56,962 [     83]   INFO -        #com.intellij.idea.Main - JRE: 1.8.0_212-release-1586-b4 (JetBrains s.r.o) 
2020-03-13 10:39:56,962 [     83]   INFO -        #com.intellij.idea.Main - JVM: 25.212-b4 (OpenJDK 64-Bit Server VM) 
2020-03-13 10:39:56,973 [     94]   INFO -        #com.intellij.idea.Main - JVM Args: -Dapple.awt.fileDialogForDirectories=true -Dapple.laf.useScreenMenuBar=true -Didea.classpath.index.enabled=false -Didea.config.path=/Users/randy/projects/split_join_quote_string/build/idea-sandbox/config -Didea.is.internal=true -Didea.platform.prefix=Idea -Didea.plugins.path=/Users/randy/projects/split_join_quote_string/build/idea-sandbox/plugins -Didea.smooth.progress=false -Didea.system.path=/Users/randy/projects/split_join_quote_string/build/idea-sandbox/system -Xms256m -Xmx512m -Dfile.encoding=UTF-8 -Duser.country=US -Duser.language=en -Duser.variant -ea 
2020-03-13 10:39:56,973 [     94]   INFO -        #com.intellij.idea.Main - ext: /Users/randy/.gradle/caches/modules-2/files-2.1/com.jetbrains/jbre/jbrx-8u212-osx-x64-b1586.4/jdk/Contents/Home/jre/lib/ext: [sunec.jar, nashorn.jar, cldrdata.jar, jfxrt.jar, dnsns.jar, localedata.jar, sunjce_provider.jar, meta-index, sunpkcs11.jar, jaccess.jar, zipfs.jar] 
2020-03-13 10:39:56,973 [     94]   INFO -        #com.intellij.idea.Main - ext: /System/Library/Java/Extensions: [MRJToolkit.jar] 
2020-03-13 10:39:56,973 [     94]   INFO -        #com.intellij.idea.Main - charsets: JNU=UTF-8 file=UTF-8 
2020-03-13 10:39:56,989 [    110]   INFO -        #com.intellij.idea.Main - JNA library (64-bit) loaded in 16 ms 
2020-03-13 10:39:57,033 [    154]   INFO - .intellij.idea.IdeaApplication - CPU cores: 8; ForkJoinPool.commonPool: java.util.concurrent.ForkJoinPool@799bf001[Running, parallelism = 8, size = 0, active = 0, running = 0, steals = 0, tasks = 0, submissions = 0]; factory: com.intellij.concurrency.IdeaForkJoinWorkerThreadFactory@7b69916e 
2020-03-13 10:39:57,188 [    309]   INFO - llij.ide.plugins.PluginManager - Cannot load /Users/randy/projects/split_join_quote_string/build/idea-sandbox/plugins/split_join_quote_string/lib/split_join_quote_string-1.0-SNAPSHOT.jar!/META-INF/plugin.xml 
org.jdom.JDOMException: ParseError at [row,col]:[26,13]
Message: The end-tag for element type "action" must end with a '>' delimiter.
	at com.intellij.openapi.util.JDOMUtil.loadUsingStaX(JDOMUtil.java:227)
	at com.intellij.openapi.util.JDOMUtil.load(JDOMUtil.java:307)
	at com.intellij.ide.plugins.PluginManagerCore.loadDescriptorFromJar(PluginManagerCore.java:698)
	at com.intellij.ide.plugins.PluginManagerCore.loadDescriptor(PluginManagerCore.java:817)
	at com.intellij.ide.plugins.PluginManagerCore.loadDescriptor(PluginManagerCore.java:724)
	at com.intellij.ide.plugins.PluginManagerCore.lambda$loadDescriptorsFromDir$9(PluginManagerCore.java:955)
	at java.util.concurrent.FutureTask.run(FutureTask.java:266)
	at com.intellij.util.concurrency.BoundedTaskExecutor.doRun(BoundedTaskExecutor.java:220)
	at com.intellij.util.concurrency.BoundedTaskExecutor.access$100(BoundedTaskExecutor.java:26)
	at com.intellij.util.concurrency.BoundedTaskExecutor$2.lambda$run$0(BoundedTaskExecutor.java:198)
	at com.intellij.util.ConcurrencyUtil.runUnderThreadName(ConcurrencyUtil.java:224)
	at com.intellij.util.concurrency.BoundedTaskExecutor$2.run(BoundedTaskExecutor.java:194)
	at java.util.concurrent.ThreadPoolExecutor.runWorker(ThreadPoolExecutor.java:1149)
	at java.util.concurrent.ThreadPoolExecutor$Worker.run(ThreadPoolExecutor.java:624)
	at java.lang.Thread.run(Thread.java:748)
Caused by: javax.xml.stream.XMLStreamException: ParseError at [row,col]:[26,13]
Message: The end-tag for element type "action" must end with a '>' delimiter.
	at com.sun.org.apache.xerces.internal.impl.XMLStreamReaderImpl.next(XMLStreamReaderImpl.java:604)
	at com.intellij.openapi.util.SafeStAXStreamBuilder.processElementFragment(SafeStAXStreamBuilder.java:117)
	at com.intellij.openapi.util.SafeStAXStreamBuilder.build(SafeStAXStreamBuilder.java:86)
	at com.intellij.openapi.util.JDOMUtil.loadUsingStaX(JDOMUtil.java:220)
	... 14 more
2020-03-13 10:39:57,342 [    463]   INFO - llij.ide.plugins.PluginManager - Cannot find optional descriptor duplicates-groovy.xml 
2020-03-13 10:39:57,343 [    464]   INFO - llij.ide.plugins.PluginManager - Cannot find optional descriptor duplicates-detection-groovy.xml 
2020-03-13 10:39:57,436 [    557]   INFO - llij.ide.plugins.PluginManager - load plugin descriptors took 261 ms 
2020-03-13 10:39:57,509 [    630]   INFO - llij.ide.plugins.PluginManager - 34 plugins initialized in 342 ms 
2020-03-13 10:39:57,510 [    631]   INFO - llij.ide.plugins.PluginManager - Loaded bundled plugins: Android Support (10.3.3), Ant Support (191.8026.42), Bytecode Viewer (191.8026.42), Copyright (191.8026.42), Coverage (191.8026.42), Eclipse Integration (191.8026.42), EditorConfig (191.8026.42), Git Integration (191.8026.42), GitHub (191.8026.42), Gradle (191.8026.42), Groovy (191.8026.42), I18n for Java (191.8026.42), IDEA CORE (191.8026.42), IntelliJ Configuration Script (191.8026.42), IntelliLang (191.8026.42), JUnit (191.8026.42), Java Bytecode Decompiler (191.8026.42), Java Stream Debugger (191.8026.42), JavaFX (191.8026.42), Kotlin (1.3.21-release-IJ2019.1-3), Maven Integration (191.8026.42), Mercurial Integration (191.8026.42), Plugin DevKit (191.8026.42), Properties Support (191.8026.42), Settings Repository (191.8026.42), Smali Support (191.8026.42), Subversion (191.8026.42), Task Management (191.8026.42), Terminal (191.8026.42), TestNG-J (191.8026.42), UI Designer (191.8026.42), XPathView + XSLT Support (191.8026.42), XSLT-Debugger (191.8026.42), YAML (191.8026.42) 
2020-03-13 10:39:57,551 [    672]   INFO -     #com.intellij.util.ui.JBUI - User scale factor: 1.0 
2020-03-13 10:39:57,551 [    672]   INFO -     #com.intellij.util.ui.JBUI - System scale factor: 1.0 (JRE-managed HiDPI) 
2020-03-13 10:39:58,218 [   1339]   INFO - ellij.vfs.persistent.FSRecords - Marking VFS as corrupted: '/Users/randy/projects/split_join_quote_string/build/idea-sandbox/system/caches/names.dat' does not exist 
2020-03-13 10:39:58,219 [   1340]   INFO - ellij.util.io.PagedFileStorage - lower=100; upper=435; buffer=10; max=435 
2020-03-13 10:39:58,258 [   1379]   INFO - pl.local.NativeFileWatcherImpl - Native file watcher is disabled 
2020-03-13 10:39:58,885 [   2006]   INFO - til.net.ssl.CertificateManager - Default SSL context initialized 
2020-03-13 10:39:58,888 [   2009]   WARN - com.intellij.util.xmlb.Binding - no accessors for interface com.intellij.openapi.extensions.PluginDescriptor 
2020-03-13 10:39:58,892 [   2013]   INFO - rains.ide.BuiltInServerManager - built-in server started, port 63343 
2020-03-13 10:39:58,961 [   2082]   INFO - m.intellij.ui.mac.touchbar.NST - The graphics environment is headless, skip nst loading 
2020-03-13 10:39:59,074 [   2195]   INFO - il.indexing.FileBasedIndexImpl - Index exts enumerated:79, number of extensions:47 
2020-03-13 10:39:59,081 [   2202]   INFO - il.indexing.FileBasedIndexImpl - Index scheduled:7 
2020-03-13 10:39:59,111 [   2232]   INFO - tellij.psi.stubs.StubIndexImpl - All stub exts enumerated:28, number of extensions:50 
2020-03-13 10:39:59,111 [   2232]   INFO - tellij.psi.stubs.StubIndexImpl - stub exts update scheduled:0 
2020-03-13 10:39:59,298 [   2419]   INFO - ij.psi.stubs.StubUpdatingIndex - Following new file types will be indexed:JAVA,KNM,DGM File Type,HTML,CLASS,Properties,KJSM,Kotlin,kotlin_builtins,XML,Groovy 
2020-03-13 10:39:59,542 [   2663]   INFO - plication.impl.ApplicationImpl - 74 application components initialized in 1964ms 
2020-03-13 10:39:59,597 [   2718]   INFO - pl$FileIndexDataInitialization - Initialization done:515 
2020-03-13 10:39:59,671 [   2792]   INFO - exImpl$StubIndexInitialization - Initialization done:74 
2020-03-13 10:39:59,732 [   2853]   INFO - ellij.project.impl.ProjectImpl - 20 project components initialized in 181 ms 
2020-03-13 10:39:59,881 [   3002]   WARN - ConfigurableExtensionPointUtil - ignore deprecated groupId: language for id: preferences.language.Kotlin.scripting 
2020-03-13 10:40:01,745 [   4866]   INFO - com.intellij.ide.ui.UISettings - Loaded: fontSize=12, fontScale=1.0; restored: fontSize=12, fontScale=1.0 
2020-03-13 10:40:02,308 [   5429]   INFO - CompilerWorkspaceConfiguration - Available processors: 8 
2020-03-13 10:40:02,895 [   6016]   INFO - pi.util.registry.RegistryValue - Registry value 'java.completion.argument.hints' has changed to 'false' 
2020-03-13 10:40:02,895 [   6016]   INFO - pi.util.registry.RegistryValue - Registry value 'java.completion.argument.hints.internal' has changed to 'false' 
2020-03-13 10:40:03,385 [   6506]   INFO - com.intellij.ide.ui.UISettings - Loaded: fontSize=12, fontScale=1.0; restored: fontSize=12, fontScale=1.0 
2020-03-13 10:40:09,093 [  12214]   INFO - stubs.SerializationManagerImpl - START StubSerializationManager SHUTDOWN 
2020-03-13 10:40:09,099 [  12220]   INFO - stubs.SerializationManagerImpl - END StubSerializationManager SHUTDOWN 
2020-03-13 10:40:09,099 [  12220]   INFO - il.indexing.FileBasedIndexImpl - START INDEX SHUTDOWN 
2020-03-13 10:40:09,107 [  12228]   INFO - il.indexing.FileBasedIndexImpl - END INDEX SHUTDOWN 
2020-03-13 10:40:09,108 [  12229]   INFO - org.jetbrains.io.BuiltInServer - web server stopped 
2020-03-13 10:40:09,108 [  12229]   INFO - Types.impl.FileTypeManagerImpl - FileTypeManager: 0 auto-detected files
Elapsed time on auto-detect: 0 ms 
2020-03-13 10:40:09,117 [  12238]   INFO - newvfs.persistent.PersistentFS - VFS dispose started 
2020-03-13 10:40:09,123 [  12244]   INFO - newvfs.persistent.PersistentFS - VFS dispose completed 
2020-03-13 10:40:09,124 [  12245]   INFO - plication.impl.ApplicationImpl - Write action Statistics:
Event number:     0
Total time spent: 0ms
Average duration: 0ms
Median  duration: 0ms
Max     duration: 0ms (it was 'null') 
2020-03-13 10:40:09,124 [  12245]   INFO - plication.impl.ApplicationImpl - AnAction.update() Statistics:
Event number:     0
Total time spent: 0ms
Average duration: 0ms
Median  duration: 0ms
Max     duration: 0ms (it was 'null') 
2020-03-13 10:40:09,125 [  12246]   INFO - plication.impl.ApplicationImpl - Global instance threads created counter = 8; ProcessIOExecutorService threads: 0 
2020-03-13 10:40:09,126 [  12247]   INFO -        #com.intellij.idea.Main - ------------------------------------------------------ IDE SHUTDOWN ------------------------------------------------------ 
2020-03-13 10:40:09,126 [  12247]   INFO - org.jetbrains.io.BuiltInServer - web server stopped 
2020-03-13 10:49:36,059 [      0]   INFO -        #com.intellij.idea.Main - ------------------------------------------------------ IDE STARTED ------------------------------------------------------ 
2020-03-13 10:49:36,143 [     84]   INFO -        #com.intellij.idea.Main - IDE: IntelliJ IDEA (build #IC-191.8026.42, 30 Jul 2019 01:04) 
2020-03-13 10:49:36,143 [     84]   INFO -        #com.intellij.idea.Main - OS: Mac OS X (10.14.6, x86_64) 
2020-03-13 10:49:36,143 [     84]   INFO -        #com.intellij.idea.Main - JRE: 1.8.0_212-release-1586-b4 (JetBrains s.r.o) 
2020-03-13 10:49:36,144 [     85]   INFO -        #com.intellij.idea.Main - JVM: 25.212-b4 (OpenJDK 64-Bit Server VM) 
2020-03-13 10:49:36,153 [     94]   INFO -        #com.intellij.idea.Main - JVM Args: -Dapple.awt.fileDialogForDirectories=true -Dapple.laf.useScreenMenuBar=true -Didea.classpath.index.enabled=false -Didea.config.path=/Users/randy/projects/split_join_quote_string/build/idea-sandbox/config -Didea.is.internal=true -Didea.platform.prefix=Idea -Didea.plugins.path=/Users/randy/projects/split_join_quote_string/build/idea-sandbox/plugins -Didea.required.plugins.id=com.randyFRS.split_join_quote_string -Didea.smooth.progress=false -Didea.system.path=/Users/randy/projects/split_join_quote_string/build/idea-sandbox/system -Xms256m -Xmx512m -Dfile.encoding=UTF-8 -Duser.country=US -Duser.language=en -Duser.variant -ea 
2020-03-13 10:49:36,154 [     95]   INFO -        #com.intellij.idea.Main - ext: /Users/randy/.gradle/caches/modules-2/files-2.1/com.jetbrains/jbre/jbrx-8u212-osx-x64-b1586.4/jdk/Contents/Home/jre/lib/ext: [sunec.jar, nashorn.jar, cldrdata.jar, jfxrt.jar, dnsns.jar, localedata.jar, sunjce_provider.jar, meta-index, sunpkcs11.jar, jaccess.jar, zipfs.jar] 
2020-03-13 10:49:36,157 [     98]   INFO -        #com.intellij.idea.Main - ext: /System/Library/Java/Extensions: [MRJToolkit.jar] 
2020-03-13 10:49:36,157 [     98]   INFO -        #com.intellij.idea.Main - charsets: JNU=UTF-8 file=UTF-8 
2020-03-13 10:49:36,174 [    115]   INFO -        #com.intellij.idea.Main - JNA library (64-bit) loaded in 17 ms 
2020-03-13 10:49:36,226 [    167]   INFO - .intellij.idea.IdeaApplication - CPU cores: 8; ForkJoinPool.commonPool: java.util.concurrent.ForkJoinPool@69b0b3f5[Running, parallelism = 8, size = 0, active = 0, running = 0, steals = 0, tasks = 0, submissions = 0]; factory: com.intellij.concurrency.IdeaForkJoinWorkerThreadFactory@55408873 
2020-03-13 10:49:36,533 [    474]   INFO - llij.ide.plugins.PluginManager - Cannot find optional descriptor duplicates-groovy.xml 
2020-03-13 10:49:36,534 [    475]   INFO - llij.ide.plugins.PluginManager - Cannot find optional descriptor duplicates-detection-groovy.xml 
2020-03-13 10:49:36,695 [    636]   INFO - llij.ide.plugins.PluginManager - load plugin descriptors took 292 ms 
2020-03-13 10:49:36,766 [    707]   INFO - llij.ide.plugins.PluginManager - 35 plugins initialized in 370 ms 
2020-03-13 10:49:36,767 [    708]   INFO - llij.ide.plugins.PluginManager - Loaded bundled plugins: Android Support (10.3.3), Ant Support (191.8026.42), Bytecode Viewer (191.8026.42), Copyright (191.8026.42), Coverage (191.8026.42), Eclipse Integration (191.8026.42), EditorConfig (191.8026.42), Git Integration (191.8026.42), GitHub (191.8026.42), Gradle (191.8026.42), Groovy (191.8026.42), I18n for Java (191.8026.42), IDEA CORE (191.8026.42), IntelliJ Configuration Script (191.8026.42), IntelliLang (191.8026.42), JUnit (191.8026.42), Java Bytecode Decompiler (191.8026.42), Java Stream Debugger (191.8026.42), JavaFX (191.8026.42), Kotlin (1.3.21-release-IJ2019.1-3), Maven Integration (191.8026.42), Mercurial Integration (191.8026.42), Plugin DevKit (191.8026.42), Properties Support (191.8026.42), Settings Repository (191.8026.42), Smali Support (191.8026.42), Subversion (191.8026.42), Task Management (191.8026.42), Terminal (191.8026.42), TestNG-J (191.8026.42), UI Designer (191.8026.42), XPathView + XSLT Support (191.8026.42), XSLT-Debugger (191.8026.42), YAML (191.8026.42) 
2020-03-13 10:49:36,767 [    708]   INFO - llij.ide.plugins.PluginManager - Loaded custom plugins: "Split Join Quote String (1.0-SNAPSHOT) 
2020-03-13 10:49:36,814 [    755]   INFO -     #com.intellij.util.ui.JBUI - User scale factor: 1.0 
2020-03-13 10:49:36,814 [    755]   INFO -     #com.intellij.util.ui.JBUI - System scale factor: 1.0 (JRE-managed HiDPI) 
2020-03-13 10:49:37,624 [   1565]   INFO - ellij.util.io.PagedFileStorage - lower=100; upper=435; buffer=10; max=435 
2020-03-13 10:49:37,673 [   1614]   INFO - pl.local.NativeFileWatcherImpl - Native file watcher is disabled 
2020-03-13 10:49:38,373 [   2314]   INFO - til.net.ssl.CertificateManager - Default SSL context initialized 
2020-03-13 10:49:38,376 [   2317]   WARN - com.intellij.util.xmlb.Binding - no accessors for interface com.intellij.openapi.extensions.PluginDescriptor 
2020-03-13 10:49:38,380 [   2321]   INFO - rains.ide.BuiltInServerManager - built-in server started, port 63343 
2020-03-13 10:49:38,465 [   2406]   INFO - m.intellij.ui.mac.touchbar.NST - The graphics environment is headless, skip nst loading 
2020-03-13 10:49:38,586 [   2527]   INFO - il.indexing.FileBasedIndexImpl - Index exts enumerated:93, number of extensions:47 
2020-03-13 10:49:38,599 [   2540]   INFO - il.indexing.FileBasedIndexImpl - Index scheduled:12 
2020-03-13 10:49:38,619 [   2560]   INFO - tellij.psi.stubs.StubIndexImpl - All stub exts enumerated:18, number of extensions:50 
2020-03-13 10:49:38,620 [   2561]   INFO - tellij.psi.stubs.StubIndexImpl - stub exts update scheduled:0 
2020-03-13 10:49:38,942 [   2883]   INFO - plication.impl.ApplicationImpl - 74 application components initialized in 2102ms 
2020-03-13 10:49:39,122 [   3063]   INFO - ellij.project.impl.ProjectImpl - 20 project components initialized in 171 ms 
2020-03-13 10:49:39,217 [   3158]   INFO - pl$FileIndexDataInitialization - Initialization done:618 
2020-03-13 10:49:39,280 [   3221]   INFO - exImpl$StubIndexInitialization - Initialization done:62 
2020-03-13 10:49:39,294 [   3235]   WARN - ConfigurableExtensionPointUtil - ignore deprecated groupId: language for id: preferences.language.Kotlin.scripting 
2020-03-13 10:49:41,102 [   5043]   INFO - com.intellij.ide.ui.UISettings - Loaded: fontSize=12, fontScale=1.0; restored: fontSize=12, fontScale=1.0 
2020-03-13 10:49:41,688 [   5629]   INFO - CompilerWorkspaceConfiguration - Available processors: 8 
2020-03-13 10:49:42,334 [   6275]   INFO - pi.util.registry.RegistryValue - Registry value 'java.completion.argument.hints' has changed to 'false' 
2020-03-13 10:49:42,334 [   6275]   INFO - pi.util.registry.RegistryValue - Registry value 'java.completion.argument.hints.internal' has changed to 'false' 
2020-03-13 10:49:42,804 [   6745]   INFO - com.intellij.ide.ui.UISettings - Loaded: fontSize=12, fontScale=1.0; restored: fontSize=12, fontScale=1.0 
2020-03-13 10:49:48,691 [  12632]   INFO - stubs.SerializationManagerImpl - START StubSerializationManager SHUTDOWN 
2020-03-13 10:49:48,692 [  12633]   INFO - stubs.SerializationManagerImpl - END StubSerializationManager SHUTDOWN 
2020-03-13 10:49:48,692 [  12633]   INFO - il.indexing.FileBasedIndexImpl - START INDEX SHUTDOWN 
2020-03-13 10:49:48,705 [  12646]   INFO - il.indexing.FileBasedIndexImpl - END INDEX SHUTDOWN 
2020-03-13 10:49:48,706 [  12647]   INFO - org.jetbrains.io.BuiltInServer - web server stopped 
2020-03-13 10:49:48,707 [  12648]   INFO - Types.impl.FileTypeManagerImpl - FileTypeManager: 0 auto-detected files
Elapsed time on auto-detect: 0 ms 
2020-03-13 10:49:48,714 [  12655]   INFO - newvfs.persistent.PersistentFS - VFS dispose started 
2020-03-13 10:49:48,715 [  12656]   INFO - newvfs.persistent.PersistentFS - VFS dispose completed 
2020-03-13 10:49:48,716 [  12657]   INFO - plication.impl.ApplicationImpl - Write action Statistics:
Event number:     0
Total time spent: 0ms
Average duration: 0ms
Median  duration: 0ms
Max     duration: 0ms (it was 'null') 
2020-03-13 10:49:48,716 [  12657]   INFO - plication.impl.ApplicationImpl - AnAction.update() Statistics:
Event number:     0
Total time spent: 0ms
Average duration: 0ms
Median  duration: 0ms
Max     duration: 0ms (it was 'null') 
2020-03-13 10:49:48,717 [  12658]   INFO - plication.impl.ApplicationImpl - Global instance threads created counter = 8; ProcessIOExecutorService threads: 0 
2020-03-13 10:49:48,718 [  12659]   INFO -        #com.intellij.idea.Main - ------------------------------------------------------ IDE SHUTDOWN ------------------------------------------------------ 
2020-03-13 10:49:48,718 [  12659]   INFO - org.jetbrains.io.BuiltInServer - web server stopped 
2020-03-13 11:17:55,768 [      0]   INFO -        #com.intellij.idea.Main - ------------------------------------------------------ IDE STARTED ------------------------------------------------------ 
2020-03-13 11:17:55,861 [     93]   INFO -        #com.intellij.idea.Main - IDE: IntelliJ IDEA (build #IC-191.8026.42, 30 Jul 2019 01:04) 
2020-03-13 11:17:55,861 [     93]   INFO -        #com.intellij.idea.Main - OS: Mac OS X (10.14.6, x86_64) 
2020-03-13 11:17:55,861 [     93]   INFO -        #com.intellij.idea.Main - JRE: 1.8.0_212-release-1586-b4 (JetBrains s.r.o) 
2020-03-13 11:17:55,861 [     93]   INFO -        #com.intellij.idea.Main - JVM: 25.212-b4 (OpenJDK 64-Bit Server VM) 
2020-03-13 11:17:55,874 [    106]   INFO -        #com.intellij.idea.Main - JVM Args: -Dapple.awt.fileDialogForDirectories=true -Dapple.laf.useScreenMenuBar=true -Didea.classpath.index.enabled=false -Didea.config.path=/Users/randy/projects/split_join_quote_string/build/idea-sandbox/config -Didea.is.internal=true -Didea.platform.prefix=Idea -Didea.plugins.path=/Users/randy/projects/split_join_quote_string/build/idea-sandbox/plugins -Didea.required.plugins.id=com.randyFRS.split_join_quote_string -Didea.smooth.progress=false -Didea.system.path=/Users/randy/projects/split_join_quote_string/build/idea-sandbox/system -Xms256m -Xmx512m -Dfile.encoding=UTF-8 -Duser.country=US -Duser.language=en -Duser.variant -ea 
2020-03-13 11:17:55,875 [    107]   INFO -        #com.intellij.idea.Main - ext: /Users/randy/.gradle/caches/modules-2/files-2.1/com.jetbrains/jbre/jbrx-8u212-osx-x64-b1586.4/jdk/Contents/Home/jre/lib/ext: [sunec.jar, nashorn.jar, cldrdata.jar, jfxrt.jar, dnsns.jar, localedata.jar, sunjce_provider.jar, meta-index, sunpkcs11.jar, jaccess.jar, zipfs.jar] 
2020-03-13 11:17:55,875 [    107]   INFO -        #com.intellij.idea.Main - ext: /System/Library/Java/Extensions: [MRJToolkit.jar] 
2020-03-13 11:17:55,875 [    107]   INFO -        #com.intellij.idea.Main - charsets: JNU=UTF-8 file=UTF-8 
2020-03-13 11:17:55,893 [    125]   INFO -        #com.intellij.idea.Main - JNA library (64-bit) loaded in 18 ms 
2020-03-13 11:17:55,937 [    169]   INFO - .intellij.idea.IdeaApplication - CPU cores: 8; ForkJoinPool.commonPool: java.util.concurrent.ForkJoinPool@1a7b2b87[Running, parallelism = 8, size = 0, active = 0, running = 0, steals = 0, tasks = 0, submissions = 0]; factory: com.intellij.concurrency.IdeaForkJoinWorkerThreadFactory@56b349fb 
2020-03-13 11:17:56,239 [    471]   INFO - llij.ide.plugins.PluginManager - Cannot find optional descriptor duplicates-groovy.xml 
2020-03-13 11:17:56,240 [    472]   INFO - llij.ide.plugins.PluginManager - Cannot find optional descriptor duplicates-detection-groovy.xml 
2020-03-13 11:17:56,400 [    632]   INFO - llij.ide.plugins.PluginManager - load plugin descriptors took 294 ms 
2020-03-13 11:17:56,471 [    703]   INFO - llij.ide.plugins.PluginManager - 35 plugins initialized in 373 ms 
2020-03-13 11:17:56,471 [    703]   INFO - llij.ide.plugins.PluginManager - Loaded bundled plugins: Android Support (10.3.3), Ant Support (191.8026.42), Bytecode Viewer (191.8026.42), Copyright (191.8026.42), Coverage (191.8026.42), Eclipse Integration (191.8026.42), EditorConfig (191.8026.42), Git Integration (191.8026.42), GitHub (191.8026.42), Gradle (191.8026.42), Groovy (191.8026.42), I18n for Java (191.8026.42), IDEA CORE (191.8026.42), IntelliJ Configuration Script (191.8026.42), IntelliLang (191.8026.42), JUnit (191.8026.42), Java Bytecode Decompiler (191.8026.42), Java Stream Debugger (191.8026.42), JavaFX (191.8026.42), Kotlin (1.3.21-release-IJ2019.1-3), Maven Integration (191.8026.42), Mercurial Integration (191.8026.42), Plugin DevKit (191.8026.42), Properties Support (191.8026.42), Settings Repository (191.8026.42), Smali Support (191.8026.42), Subversion (191.8026.42), Task Management (191.8026.42), Terminal (191.8026.42), TestNG-J (191.8026.42), UI Designer (191.8026.42), XPathView + XSLT Support (191.8026.42), XSLT-Debugger (191.8026.42), YAML (191.8026.42) 
2020-03-13 11:17:56,471 [    703]   INFO - llij.ide.plugins.PluginManager - Loaded custom plugins: "Split Join Quote String (1.0-SNAPSHOT) 
2020-03-13 11:17:56,523 [    755]   INFO -     #com.intellij.util.ui.JBUI - User scale factor: 1.0 
2020-03-13 11:17:56,524 [    756]   INFO -     #com.intellij.util.ui.JBUI - System scale factor: 1.0 (JRE-managed HiDPI) 
2020-03-13 11:17:57,365 [   1597]   INFO - ellij.util.io.PagedFileStorage - lower=100; upper=435; buffer=10; max=435 
2020-03-13 11:17:57,415 [   1647]   INFO - pl.local.NativeFileWatcherImpl - Native file watcher is disabled 
2020-03-13 11:17:58,132 [   2364]   INFO - til.net.ssl.CertificateManager - Default SSL context initialized 
2020-03-13 11:17:58,135 [   2367]   WARN - com.intellij.util.xmlb.Binding - no accessors for interface com.intellij.openapi.extensions.PluginDescriptor 
2020-03-13 11:17:58,139 [   2371]   INFO - rains.ide.BuiltInServerManager - built-in server started, port 63343 
2020-03-13 11:17:58,217 [   2449]   INFO - m.intellij.ui.mac.touchbar.NST - The graphics environment is headless, skip nst loading 
2020-03-13 11:17:58,342 [   2574]   INFO - il.indexing.FileBasedIndexImpl - Index exts enumerated:94, number of extensions:47 
2020-03-13 11:17:58,355 [   2587]   INFO - il.indexing.FileBasedIndexImpl - Index scheduled:12 
2020-03-13 11:17:58,374 [   2606]   INFO - tellij.psi.stubs.StubIndexImpl - All stub exts enumerated:17, number of extensions:50 
2020-03-13 11:17:58,375 [   2607]   INFO - tellij.psi.stubs.StubIndexImpl - stub exts update scheduled:0 
2020-03-13 11:17:58,705 [   2937]   INFO - plication.impl.ApplicationImpl - 74 application components initialized in 2155ms 
2020-03-13 11:17:58,901 [   3133]   INFO - ellij.project.impl.ProjectImpl - 20 project components initialized in 187 ms 
2020-03-13 11:17:59,000 [   3232]   INFO - pl$FileIndexDataInitialization - Initialization done:644 
2020-03-13 11:17:59,069 [   3301]   INFO - exImpl$StubIndexInitialization - Initialization done:69 
2020-03-13 11:17:59,113 [   3345]   WARN - ConfigurableExtensionPointUtil - ignore deprecated groupId: language for id: preferences.language.Kotlin.scripting 
2020-03-13 11:18:01,005 [   5237]   INFO - com.intellij.ide.ui.UISettings - Loaded: fontSize=12, fontScale=1.0; restored: fontSize=12, fontScale=1.0 
2020-03-13 11:18:01,592 [   5824]   INFO - CompilerWorkspaceConfiguration - Available processors: 8 
2020-03-13 11:18:02,234 [   6466]   INFO - pi.util.registry.RegistryValue - Registry value 'java.completion.argument.hints' has changed to 'false' 
2020-03-13 11:18:02,234 [   6466]   INFO - pi.util.registry.RegistryValue - Registry value 'java.completion.argument.hints.internal' has changed to 'false' 
2020-03-13 11:18:02,746 [   6978]   INFO - com.intellij.ide.ui.UISettings - Loaded: fontSize=12, fontScale=1.0; restored: fontSize=12, fontScale=1.0 
2020-03-13 11:18:09,052 [  13284]   INFO - stubs.SerializationManagerImpl - START StubSerializationManager SHUTDOWN 
2020-03-13 11:18:09,053 [  13285]   INFO - stubs.SerializationManagerImpl - END StubSerializationManager SHUTDOWN 
2020-03-13 11:18:09,053 [  13285]   INFO - il.indexing.FileBasedIndexImpl - START INDEX SHUTDOWN 
2020-03-13 11:18:09,067 [  13299]   INFO - il.indexing.FileBasedIndexImpl - END INDEX SHUTDOWN 
2020-03-13 11:18:09,068 [  13300]   INFO - org.jetbrains.io.BuiltInServer - web server stopped 
2020-03-13 11:18:09,068 [  13300]   INFO - Types.impl.FileTypeManagerImpl - FileTypeManager: 0 auto-detected files
Elapsed time on auto-detect: 0 ms 
2020-03-13 11:18:09,076 [  13308]   INFO - newvfs.persistent.PersistentFS - VFS dispose started 
2020-03-13 11:18:09,077 [  13309]   INFO - newvfs.persistent.PersistentFS - VFS dispose completed 
2020-03-13 11:18:09,078 [  13310]   INFO - plication.impl.ApplicationImpl - Write action Statistics:
Event number:     0
Total time spent: 0ms
Average duration: 0ms
Median  duration: 0ms
Max     duration: 0ms (it was 'null') 
2020-03-13 11:18:09,078 [  13310]   INFO - plication.impl.ApplicationImpl - AnAction.update() Statistics:
Event number:     0
Total time spent: 0ms
Average duration: 0ms
Median  duration: 0ms
Max     duration: 0ms (it was 'null') 
2020-03-13 11:18:09,079 [  13311]   INFO - plication.impl.ApplicationImpl - Global instance threads created counter = 8; ProcessIOExecutorService threads: 0 
2020-03-13 11:18:09,080 [  13312]   INFO -        #com.intellij.idea.Main - ------------------------------------------------------ IDE SHUTDOWN ------------------------------------------------------ 
2020-03-13 11:18:09,080 [  13312]   INFO - org.jetbrains.io.BuiltInServer - web server stopped 
2020-03-13 11:44:02,179 [      0]   INFO -        #com.intellij.idea.Main - ------------------------------------------------------ IDE STARTED ------------------------------------------------------ 
2020-03-13 11:44:02,294 [    115]   INFO -        #com.intellij.idea.Main - IDE: IntelliJ IDEA (build #IC-191.8026.42, 30 Jul 2019 01:04) 
2020-03-13 11:44:02,294 [    115]   INFO -        #com.intellij.idea.Main - OS: Mac OS X (10.14.6, x86_64) 
2020-03-13 11:44:02,294 [    115]   INFO -        #com.intellij.idea.Main - JRE: 1.8.0_212-release-1586-b4 (JetBrains s.r.o) 
2020-03-13 11:44:02,295 [    116]   INFO -        #com.intellij.idea.Main - JVM: 25.212-b4 (OpenJDK 64-Bit Server VM) 
2020-03-13 11:44:02,305 [    126]   INFO -        #com.intellij.idea.Main - JVM Args: -Dapple.awt.fileDialogForDirectories=true -Dapple.laf.useScreenMenuBar=true -Didea.classpath.index.enabled=false -Didea.config.path=/Users/randy/projects/split_join_quote_string/build/idea-sandbox/config -Didea.is.internal=true -Didea.platform.prefix=Idea -Didea.plugins.path=/Users/randy/projects/split_join_quote_string/build/idea-sandbox/plugins -Didea.required.plugins.id=com.randyFRS.split_join_quote_string -Didea.smooth.progress=false -Didea.system.path=/Users/randy/projects/split_join_quote_string/build/idea-sandbox/system -Xms256m -Xmx512m -Dfile.encoding=UTF-8 -Duser.country=US -Duser.language=en -Duser.variant -ea 
2020-03-13 11:44:02,305 [    126]   INFO -        #com.intellij.idea.Main - ext: /Users/randy/.gradle/caches/modules-2/files-2.1/com.jetbrains/jbre/jbrx-8u212-osx-x64-b1586.4/jdk/Contents/Home/jre/lib/ext: [sunec.jar, nashorn.jar, cldrdata.jar, jfxrt.jar, dnsns.jar, localedata.jar, sunjce_provider.jar, meta-index, sunpkcs11.jar, jaccess.jar, zipfs.jar] 
2020-03-13 11:44:02,305 [    126]   INFO -        #com.intellij.idea.Main - ext: /System/Library/Java/Extensions: [MRJToolkit.jar] 
2020-03-13 11:44:02,306 [    127]   INFO -        #com.intellij.idea.Main - charsets: JNU=UTF-8 file=UTF-8 
2020-03-13 11:44:02,323 [    144]   INFO -        #com.intellij.idea.Main - JNA library (64-bit) loaded in 17 ms 
2020-03-13 11:44:02,374 [    195]   INFO - .intellij.idea.IdeaApplication - CPU cores: 8; ForkJoinPool.commonPool: java.util.concurrent.ForkJoinPool@1a7b2b87[Running, parallelism = 8, size = 0, active = 0, running = 0, steals = 0, tasks = 0, submissions = 0]; factory: com.intellij.concurrency.IdeaForkJoinWorkerThreadFactory@56b349fb 
2020-03-13 11:44:02,652 [    473]   INFO - llij.ide.plugins.PluginManager - Cannot find optional descriptor duplicates-groovy.xml 
2020-03-13 11:44:02,652 [    473]   INFO - llij.ide.plugins.PluginManager - Cannot find optional descriptor duplicates-detection-groovy.xml 
2020-03-13 11:44:02,812 [    633]   INFO - llij.ide.plugins.PluginManager - load plugin descriptors took 288 ms 
2020-03-13 11:44:02,887 [    708]   INFO - llij.ide.plugins.PluginManager - 35 plugins initialized in 372 ms 
2020-03-13 11:44:02,888 [    709]   INFO - llij.ide.plugins.PluginManager - Loaded bundled plugins: Android Support (10.3.3), Ant Support (191.8026.42), Bytecode Viewer (191.8026.42), Copyright (191.8026.42), Coverage (191.8026.42), Eclipse Integration (191.8026.42), EditorConfig (191.8026.42), Git Integration (191.8026.42), GitHub (191.8026.42), Gradle (191.8026.42), Groovy (191.8026.42), I18n for Java (191.8026.42), IDEA CORE (191.8026.42), IntelliJ Configuration Script (191.8026.42), IntelliLang (191.8026.42), JUnit (191.8026.42), Java Bytecode Decompiler (191.8026.42), Java Stream Debugger (191.8026.42), JavaFX (191.8026.42), Kotlin (1.3.21-release-IJ2019.1-3), Maven Integration (191.8026.42), Mercurial Integration (191.8026.42), Plugin DevKit (191.8026.42), Properties Support (191.8026.42), Settings Repository (191.8026.42), Smali Support (191.8026.42), Subversion (191.8026.42), Task Management (191.8026.42), Terminal (191.8026.42), TestNG-J (191.8026.42), UI Designer (191.8026.42), XPathView + XSLT Support (191.8026.42), XSLT-Debugger (191.8026.42), YAML (191.8026.42) 
2020-03-13 11:44:02,888 [    709]   INFO - llij.ide.plugins.PluginManager - Loaded custom plugins: "Split Join Quote String (1.0-SNAPSHOT) 
2020-03-13 11:44:02,949 [    770]   INFO -     #com.intellij.util.ui.JBUI - User scale factor: 1.0 
2020-03-13 11:44:02,949 [    770]   INFO -     #com.intellij.util.ui.JBUI - System scale factor: 1.0 (JRE-managed HiDPI) 
2020-03-13 11:44:04,129 [   1950]   INFO - ellij.util.io.PagedFileStorage - lower=100; upper=435; buffer=10; max=435 
2020-03-13 11:44:04,188 [   2009]   INFO - pl.local.NativeFileWatcherImpl - Native file watcher is disabled 
2020-03-13 11:44:04,896 [   2717]   INFO - til.net.ssl.CertificateManager - Default SSL context initialized 
2020-03-13 11:44:04,899 [   2720]   WARN - com.intellij.util.xmlb.Binding - no accessors for interface com.intellij.openapi.extensions.PluginDescriptor 
2020-03-13 11:44:04,903 [   2724]   INFO - rains.ide.BuiltInServerManager - built-in server started, port 63343 
2020-03-13 11:44:04,966 [   2787]   INFO - m.intellij.ui.mac.touchbar.NST - The graphics environment is headless, skip nst loading 
2020-03-13 11:44:05,084 [   2905]   INFO - il.indexing.FileBasedIndexImpl - Index exts enumerated:92, number of extensions:47 
2020-03-13 11:44:05,094 [   2915]   INFO - il.indexing.FileBasedIndexImpl - Index scheduled:9 
2020-03-13 11:44:05,113 [   2934]   INFO - tellij.psi.stubs.StubIndexImpl - All stub exts enumerated:16, number of extensions:50 
2020-03-13 11:44:05,113 [   2934]   INFO - tellij.psi.stubs.StubIndexImpl - stub exts update scheduled:0 
2020-03-13 11:44:05,647 [   3468]   INFO - plication.impl.ApplicationImpl - 74 application components initialized in 2671ms 
2020-03-13 11:44:05,857 [   3678]   INFO - ellij.project.impl.ProjectImpl - 20 project components initialized in 201 ms 
2020-03-13 11:44:05,959 [   3780]   INFO - pl$FileIndexDataInitialization - Initialization done:865 
2020-03-13 11:44:06,024 [   3845]   INFO - exImpl$StubIndexInitialization - Initialization done:64 
2020-03-13 11:44:06,043 [   3864]   WARN - ConfigurableExtensionPointUtil - ignore deprecated groupId: language for id: preferences.language.Kotlin.scripting 
2020-03-13 11:44:08,090 [   5911]   INFO - com.intellij.ide.ui.UISettings - Loaded: fontSize=12, fontScale=1.0; restored: fontSize=12, fontScale=1.0 
2020-03-13 11:44:08,869 [   6690]   INFO - CompilerWorkspaceConfiguration - Available processors: 8 
2020-03-13 11:44:09,652 [   7473]   INFO - pi.util.registry.RegistryValue - Registry value 'java.completion.argument.hints' has changed to 'false' 
2020-03-13 11:44:09,652 [   7473]   INFO - pi.util.registry.RegistryValue - Registry value 'java.completion.argument.hints.internal' has changed to 'false' 
2020-03-13 11:44:10,253 [   8074]   INFO - com.intellij.ide.ui.UISettings - Loaded: fontSize=12, fontScale=1.0; restored: fontSize=12, fontScale=1.0 
2020-03-13 11:44:17,094 [  14915]   INFO - stubs.SerializationManagerImpl - START StubSerializationManager SHUTDOWN 
2020-03-13 11:44:17,100 [  14921]   INFO - stubs.SerializationManagerImpl - END StubSerializationManager SHUTDOWN 
2020-03-13 11:44:17,100 [  14921]   INFO - il.indexing.FileBasedIndexImpl - START INDEX SHUTDOWN 
2020-03-13 11:44:17,113 [  14934]   INFO - il.indexing.FileBasedIndexImpl - END INDEX SHUTDOWN 
2020-03-13 11:44:17,115 [  14936]   INFO - org.jetbrains.io.BuiltInServer - web server stopped 
2020-03-13 11:44:17,115 [  14936]   INFO - Types.impl.FileTypeManagerImpl - FileTypeManager: 0 auto-detected files
Elapsed time on auto-detect: 0 ms 
2020-03-13 11:44:17,127 [  14948]   INFO - newvfs.persistent.PersistentFS - VFS dispose started 
2020-03-13 11:44:17,128 [  14949]   INFO - newvfs.persistent.PersistentFS - VFS dispose completed 
2020-03-13 11:44:17,129 [  14950]   INFO - plication.impl.ApplicationImpl - Write action Statistics:
Event number:     0
Total time spent: 0ms
Average duration: 0ms
Median  duration: 0ms
Max     duration: 0ms (it was 'null') 
2020-03-13 11:44:17,129 [  14950]   INFO - plication.impl.ApplicationImpl - AnAction.update() Statistics:
Event number:     0
Total time spent: 0ms
Average duration: 0ms
Median  duration: 0ms
Max     duration: 0ms (it was 'null') 
2020-03-13 11:44:17,130 [  14951]   INFO - plication.impl.ApplicationImpl - Global instance threads created counter = 8; ProcessIOExecutorService threads: 0 
2020-03-13 11:44:17,131 [  14952]   INFO -        #com.intellij.idea.Main - ------------------------------------------------------ IDE SHUTDOWN ------------------------------------------------------ 
2020-03-13 11:44:17,131 [  14952]   INFO - org.jetbrains.io.BuiltInServer - web server stopped 
2020-03-13 11:52:11,980 [      0]   INFO -        #com.intellij.idea.Main - ------------------------------------------------------ IDE STARTED ------------------------------------------------------ 
2020-03-13 11:52:12,076 [     96]   INFO -        #com.intellij.idea.Main - IDE: IntelliJ IDEA (build #IC-191.8026.42, 30 Jul 2019 01:04) 
2020-03-13 11:52:12,076 [     96]   INFO -        #com.intellij.idea.Main - OS: Mac OS X (10.14.6, x86_64) 
2020-03-13 11:52:12,076 [     96]   INFO -        #com.intellij.idea.Main - JRE: 1.8.0_212-release-1586-b4 (JetBrains s.r.o) 
2020-03-13 11:52:12,076 [     96]   INFO -        #com.intellij.idea.Main - JVM: 25.212-b4 (OpenJDK 64-Bit Server VM) 
2020-03-13 11:52:12,087 [    107]   INFO -        #com.intellij.idea.Main - JVM Args: -Dapple.awt.fileDialogForDirectories=true -Dapple.laf.useScreenMenuBar=true -Didea.classpath.index.enabled=false -Didea.config.path=/Users/randy/projects/split_join_quote_string/build/idea-sandbox/config -Didea.is.internal=true -Didea.platform.prefix=Idea -Didea.plugins.path=/Users/randy/projects/split_join_quote_string/build/idea-sandbox/plugins -Didea.required.plugins.id=com.randyFRS.split_join_quote_string -Didea.smooth.progress=false -Didea.system.path=/Users/randy/projects/split_join_quote_string/build/idea-sandbox/system -Xms256m -Xmx512m -Dfile.encoding=UTF-8 -Duser.country=US -Duser.language=en -Duser.variant -ea 
2020-03-13 11:52:12,087 [    107]   INFO -        #com.intellij.idea.Main - ext: /Users/randy/.gradle/caches/modules-2/files-2.1/com.jetbrains/jbre/jbrx-8u212-osx-x64-b1586.4/jdk/Contents/Home/jre/lib/ext: [sunec.jar, nashorn.jar, cldrdata.jar, jfxrt.jar, dnsns.jar, localedata.jar, sunjce_provider.jar, meta-index, sunpkcs11.jar, jaccess.jar, zipfs.jar] 
2020-03-13 11:52:12,087 [    107]   INFO -        #com.intellij.idea.Main - ext: /System/Library/Java/Extensions: [MRJToolkit.jar] 
2020-03-13 11:52:12,088 [    108]   INFO -        #com.intellij.idea.Main - charsets: JNU=UTF-8 file=UTF-8 
2020-03-13 11:52:12,106 [    126]   INFO -        #com.intellij.idea.Main - JNA library (64-bit) loaded in 18 ms 
2020-03-13 11:52:12,146 [    166]   INFO - .intellij.idea.IdeaApplication - CPU cores: 8; ForkJoinPool.commonPool: java.util.concurrent.ForkJoinPool@799bf001[Running, parallelism = 8, size = 0, active = 0, running = 0, steals = 0, tasks = 0, submissions = 0]; factory: com.intellij.concurrency.IdeaForkJoinWorkerThreadFactory@7b69916e 
2020-03-13 11:52:12,501 [    521]   INFO - llij.ide.plugins.PluginManager - Cannot find optional descriptor duplicates-groovy.xml 
2020-03-13 11:52:12,502 [    522]   INFO - llij.ide.plugins.PluginManager - Cannot find optional descriptor duplicates-detection-groovy.xml 
2020-03-13 11:52:12,812 [    832]   INFO - llij.ide.plugins.PluginManager - load plugin descriptors took 492 ms 
2020-03-13 11:52:12,881 [    901]   INFO - llij.ide.plugins.PluginManager - 35 plugins initialized in 572 ms 
2020-03-13 11:52:12,882 [    902]   INFO - llij.ide.plugins.PluginManager - Loaded bundled plugins: Android Support (10.3.3), Ant Support (191.8026.42), Bytecode Viewer (191.8026.42), Copyright (191.8026.42), Coverage (191.8026.42), Eclipse Integration (191.8026.42), EditorConfig (191.8026.42), Git Integration (191.8026.42), GitHub (191.8026.42), Gradle (191.8026.42), Groovy (191.8026.42), I18n for Java (191.8026.42), IDEA CORE (191.8026.42), IntelliJ Configuration Script (191.8026.42), IntelliLang (191.8026.42), JUnit (191.8026.42), Java Bytecode Decompiler (191.8026.42), Java Stream Debugger (191.8026.42), JavaFX (191.8026.42), Kotlin (1.3.21-release-IJ2019.1-3), Maven Integration (191.8026.42), Mercurial Integration (191.8026.42), Plugin DevKit (191.8026.42), Properties Support (191.8026.42), Settings Repository (191.8026.42), Smali Support (191.8026.42), Subversion (191.8026.42), Task Management (191.8026.42), Terminal (191.8026.42), TestNG-J (191.8026.42), UI Designer (191.8026.42), XPathView + XSLT Support (191.8026.42), XSLT-Debugger (191.8026.42), YAML (191.8026.42) 
2020-03-13 11:52:12,882 [    902]   INFO - llij.ide.plugins.PluginManager - Loaded custom plugins: "SQL String to List (1.0) 
2020-03-13 11:52:12,926 [    946]   INFO -     #com.intellij.util.ui.JBUI - User scale factor: 1.0 
2020-03-13 11:52:12,926 [    946]   INFO -     #com.intellij.util.ui.JBUI - System scale factor: 1.0 (JRE-managed HiDPI) 
2020-03-13 11:52:13,918 [   1938]   INFO - ellij.util.io.PagedFileStorage - lower=100; upper=435; buffer=10; max=435 
2020-03-13 11:52:13,967 [   1987]   INFO - pl.local.NativeFileWatcherImpl - Native file watcher is disabled 
2020-03-13 11:52:14,861 [   2881]   INFO - til.net.ssl.CertificateManager - Default SSL context initialized 
2020-03-13 11:52:14,865 [   2885]   WARN - com.intellij.util.xmlb.Binding - no accessors for interface com.intellij.openapi.extensions.PluginDescriptor 
2020-03-13 11:52:14,870 [   2890]   INFO - rains.ide.BuiltInServerManager - built-in server started, port 63343 
2020-03-13 11:52:14,937 [   2957]   INFO - m.intellij.ui.mac.touchbar.NST - The graphics environment is headless, skip nst loading 
2020-03-13 11:52:15,054 [   3074]   INFO - il.indexing.FileBasedIndexImpl - Index exts enumerated:88, number of extensions:47 
2020-03-13 11:52:15,066 [   3086]   INFO - il.indexing.FileBasedIndexImpl - Index scheduled:11 
2020-03-13 11:52:15,085 [   3105]   INFO - tellij.psi.stubs.StubIndexImpl - All stub exts enumerated:17, number of extensions:50 
2020-03-13 11:52:15,085 [   3105]   INFO - tellij.psi.stubs.StubIndexImpl - stub exts update scheduled:0 
2020-03-13 11:52:15,560 [   3580]   INFO - plication.impl.ApplicationImpl - 74 application components initialized in 2603ms 
2020-03-13 11:52:15,764 [   3784]   INFO - ellij.project.impl.ProjectImpl - 20 project components initialized in 193 ms 
2020-03-13 11:52:15,816 [   3836]   INFO - pl$FileIndexDataInitialization - Initialization done:749 
2020-03-13 11:52:15,880 [   3900]   INFO - exImpl$StubIndexInitialization - Initialization done:64 
2020-03-13 11:52:15,942 [   3962]   WARN - ConfigurableExtensionPointUtil - ignore deprecated groupId: language for id: preferences.language.Kotlin.scripting 
2020-03-13 11:52:17,880 [   5900]   INFO - com.intellij.ide.ui.UISettings - Loaded: fontSize=12, fontScale=1.0; restored: fontSize=12, fontScale=1.0 
2020-03-13 11:52:18,460 [   6480]   INFO - CompilerWorkspaceConfiguration - Available processors: 8 
2020-03-13 11:52:19,132 [   7152]   INFO - pi.util.registry.RegistryValue - Registry value 'java.completion.argument.hints' has changed to 'false' 
2020-03-13 11:52:19,132 [   7152]   INFO - pi.util.registry.RegistryValue - Registry value 'java.completion.argument.hints.internal' has changed to 'false' 
2020-03-13 11:52:19,613 [   7633]   INFO - com.intellij.ide.ui.UISettings - Loaded: fontSize=12, fontScale=1.0; restored: fontSize=12, fontScale=1.0 
2020-03-13 11:52:25,874 [  13894]   INFO - stubs.SerializationManagerImpl - START StubSerializationManager SHUTDOWN 
2020-03-13 11:52:25,875 [  13895]   INFO - stubs.SerializationManagerImpl - END StubSerializationManager SHUTDOWN 
2020-03-13 11:52:25,875 [  13895]   INFO - il.indexing.FileBasedIndexImpl - START INDEX SHUTDOWN 
2020-03-13 11:52:25,892 [  13912]   INFO - il.indexing.FileBasedIndexImpl - END INDEX SHUTDOWN 
2020-03-13 11:52:25,893 [  13913]   INFO - org.jetbrains.io.BuiltInServer - web server stopped 
2020-03-13 11:52:25,893 [  13913]   INFO - Types.impl.FileTypeManagerImpl - FileTypeManager: 0 auto-detected files
Elapsed time on auto-detect: 0 ms 
2020-03-13 11:52:25,901 [  13921]   INFO - newvfs.persistent.PersistentFS - VFS dispose started 
2020-03-13 11:52:25,902 [  13922]   INFO - newvfs.persistent.PersistentFS - VFS dispose completed 
2020-03-13 11:52:25,903 [  13923]   INFO - plication.impl.ApplicationImpl - Write action Statistics:
Event number:     0
Total time spent: 0ms
Average duration: 0ms
Median  duration: 0ms
Max     duration: 0ms (it was 'null') 
2020-03-13 11:52:25,903 [  13923]   INFO - plication.impl.ApplicationImpl - AnAction.update() Statistics:
Event number:     0
Total time spent: 0ms
Average duration: 0ms
Median  duration: 0ms
Max     duration: 0ms (it was 'null') 
2020-03-13 11:52:25,904 [  13924]   INFO - plication.impl.ApplicationImpl - Global instance threads created counter = 8; ProcessIOExecutorService threads: 0 
2020-03-13 11:52:25,905 [  13925]   INFO -        #com.intellij.idea.Main - ------------------------------------------------------ IDE SHUTDOWN ------------------------------------------------------ 
2020-03-13 11:52:25,905 [  13925]   INFO - org.jetbrains.io.BuiltInServer - web server stopped 
2020-03-13 12:07:10,610 [      0]   INFO -        #com.intellij.idea.Main - ------------------------------------------------------ IDE STARTED ------------------------------------------------------ 
2020-03-13 12:07:10,696 [     86]   INFO -        #com.intellij.idea.Main - IDE: IntelliJ IDEA (build #IC-191.8026.42, 30 Jul 2019 01:04) 
2020-03-13 12:07:10,696 [     86]   INFO -        #com.intellij.idea.Main - OS: Mac OS X (10.14.6, x86_64) 
2020-03-13 12:07:10,696 [     86]   INFO -        #com.intellij.idea.Main - JRE: 1.8.0_212-release-1586-b4 (JetBrains s.r.o) 
2020-03-13 12:07:10,696 [     86]   INFO -        #com.intellij.idea.Main - JVM: 25.212-b4 (OpenJDK 64-Bit Server VM) 
2020-03-13 12:07:10,706 [     96]   INFO -        #com.intellij.idea.Main - JVM Args: -Dapple.awt.fileDialogForDirectories=true -Dapple.laf.useScreenMenuBar=true -Didea.classpath.index.enabled=false -Didea.config.path=/Users/randy/projects/sql-string-to-list/build/idea-sandbox/config -Didea.is.internal=true -Didea.platform.prefix=Idea -Didea.plugins.path=/Users/randy/projects/sql-string-to-list/build/idea-sandbox/plugins -Didea.required.plugins.id=com.randyFRS.sql-string-to-list -Didea.smooth.progress=false -Didea.system.path=/Users/randy/projects/sql-string-to-list/build/idea-sandbox/system -Xms256m -Xmx512m -Dfile.encoding=UTF-8 -Duser.country=US -Duser.language=en -Duser.variant -ea 
2020-03-13 12:07:10,707 [     97]   INFO -        #com.intellij.idea.Main - ext: /Users/randy/.gradle/caches/modules-2/files-2.1/com.jetbrains/jbre/jbrx-8u212-osx-x64-b1586.4/jdk/Contents/Home/jre/lib/ext: [sunec.jar, nashorn.jar, cldrdata.jar, jfxrt.jar, dnsns.jar, localedata.jar, sunjce_provider.jar, meta-index, sunpkcs11.jar, jaccess.jar, zipfs.jar] 
2020-03-13 12:07:10,707 [     97]   INFO -        #com.intellij.idea.Main - ext: /System/Library/Java/Extensions: [MRJToolkit.jar] 
2020-03-13 12:07:10,707 [     97]   INFO -        #com.intellij.idea.Main - charsets: JNU=UTF-8 file=UTF-8 
2020-03-13 12:07:10,724 [    114]   INFO -        #com.intellij.idea.Main - JNA library (64-bit) loaded in 17 ms 
2020-03-13 12:07:10,773 [    163]   INFO - .intellij.idea.IdeaApplication - CPU cores: 8; ForkJoinPool.commonPool: java.util.concurrent.ForkJoinPool@31ea109f[Running, parallelism = 8, size = 0, active = 0, running = 0, steals = 0, tasks = 0, submissions = 0]; factory: com.intellij.concurrency.IdeaForkJoinWorkerThreadFactory@5b959bb2 
2020-03-13 12:07:11,079 [    469]   INFO - llij.ide.plugins.PluginManager - Cannot find optional descriptor duplicates-groovy.xml 
2020-03-13 12:07:11,080 [    470]   INFO - llij.ide.plugins.PluginManager - Cannot find optional descriptor duplicates-detection-groovy.xml 
2020-03-13 12:07:11,232 [    622]   INFO - llij.ide.plugins.PluginManager - load plugin descriptors took 286 ms 
2020-03-13 12:07:11,303 [    693]   INFO - llij.ide.plugins.PluginManager - 35 plugins initialized in 366 ms 
2020-03-13 12:07:11,303 [    693]   INFO - llij.ide.plugins.PluginManager - Loaded bundled plugins: Android Support (10.3.3), Ant Support (191.8026.42), Bytecode Viewer (191.8026.42), Copyright (191.8026.42), Coverage (191.8026.42), Eclipse Integration (191.8026.42), EditorConfig (191.8026.42), Git Integration (191.8026.42), GitHub (191.8026.42), Gradle (191.8026.42), Groovy (191.8026.42), I18n for Java (191.8026.42), IDEA CORE (191.8026.42), IntelliJ Configuration Script (191.8026.42), IntelliLang (191.8026.42), JUnit (191.8026.42), Java Bytecode Decompiler (191.8026.42), Java Stream Debugger (191.8026.42), JavaFX (191.8026.42), Kotlin (1.3.21-release-IJ2019.1-3), Maven Integration (191.8026.42), Mercurial Integration (191.8026.42), Plugin DevKit (191.8026.42), Properties Support (191.8026.42), Settings Repository (191.8026.42), Smali Support (191.8026.42), Subversion (191.8026.42), Task Management (191.8026.42), Terminal (191.8026.42), TestNG-J (191.8026.42), UI Designer (191.8026.42), XPathView + XSLT Support (191.8026.42), XSLT-Debugger (191.8026.42), YAML (191.8026.42) 
2020-03-13 12:07:11,304 [    694]   INFO - llij.ide.plugins.PluginManager - Loaded custom plugins: "SQL String to List (1.0) 
2020-03-13 12:07:11,345 [    735]   INFO -     #com.intellij.util.ui.JBUI - User scale factor: 1.0 
2020-03-13 12:07:11,345 [    735]   INFO -     #com.intellij.util.ui.JBUI - System scale factor: 1.0 (JRE-managed HiDPI) 
2020-03-13 12:07:12,158 [   1548]   INFO - ellij.util.io.PagedFileStorage - lower=100; upper=435; buffer=10; max=435 
2020-03-13 12:07:12,207 [   1597]   INFO - pl.local.NativeFileWatcherImpl - Native file watcher is disabled 
2020-03-13 12:07:12,919 [   2309]   INFO - til.net.ssl.CertificateManager - Default SSL context initialized 
2020-03-13 12:07:12,922 [   2312]   WARN - com.intellij.util.xmlb.Binding - no accessors for interface com.intellij.openapi.extensions.PluginDescriptor 
2020-03-13 12:07:12,925 [   2315]   INFO - rains.ide.BuiltInServerManager - built-in server started, port 63343 
2020-03-13 12:07:12,996 [   2386]   INFO - m.intellij.ui.mac.touchbar.NST - The graphics environment is headless, skip nst loading 
2020-03-13 12:07:13,111 [   2501]   INFO - il.indexing.FileBasedIndexImpl - Index exts enumerated:87, number of extensions:47 
2020-03-13 12:07:13,120 [   2510]   INFO - il.indexing.FileBasedIndexImpl - Index scheduled:9 
2020-03-13 12:07:13,139 [   2529]   INFO - tellij.psi.stubs.StubIndexImpl - All stub exts enumerated:17, number of extensions:50 
2020-03-13 12:07:13,140 [   2530]   INFO - tellij.psi.stubs.StubIndexImpl - stub exts update scheduled:0 
2020-03-13 12:07:13,466 [   2856]   INFO - plication.impl.ApplicationImpl - 74 application components initialized in 2092ms 
2020-03-13 12:07:13,650 [   3040]   INFO - ellij.project.impl.ProjectImpl - 20 project components initialized in 174 ms 
2020-03-13 12:07:13,751 [   3141]   INFO - pl$FileIndexDataInitialization - Initialization done:631 
2020-03-13 12:07:13,813 [   3203]   INFO - exImpl$StubIndexInitialization - Initialization done:61 
2020-03-13 12:07:13,827 [   3217]   WARN - ConfigurableExtensionPointUtil - ignore deprecated groupId: language for id: preferences.language.Kotlin.scripting 
2020-03-13 12:07:15,714 [   5104]   INFO - com.intellij.ide.ui.UISettings - Loaded: fontSize=12, fontScale=1.0; restored: fontSize=12, fontScale=1.0 
2020-03-13 12:07:16,297 [   5687]   INFO - CompilerWorkspaceConfiguration - Available processors: 8 
2020-03-13 12:07:17,152 [   6542]   INFO - pi.util.registry.RegistryValue - Registry value 'java.completion.argument.hints' has changed to 'false' 
2020-03-13 12:07:17,152 [   6542]   INFO - pi.util.registry.RegistryValue - Registry value 'java.completion.argument.hints.internal' has changed to 'false' 
2020-03-13 12:07:17,677 [   7067]   INFO - com.intellij.ide.ui.UISettings - Loaded: fontSize=12, fontScale=1.0; restored: fontSize=12, fontScale=1.0 
2020-03-13 12:07:24,262 [  13652]   INFO - stubs.SerializationManagerImpl - START StubSerializationManager SHUTDOWN 
2020-03-13 12:07:24,263 [  13653]   INFO - stubs.SerializationManagerImpl - END StubSerializationManager SHUTDOWN 
2020-03-13 12:07:24,263 [  13653]   INFO - il.indexing.FileBasedIndexImpl - START INDEX SHUTDOWN 
2020-03-13 12:07:24,278 [  13668]   INFO - il.indexing.FileBasedIndexImpl - END INDEX SHUTDOWN 
2020-03-13 12:07:24,280 [  13670]   INFO - org.jetbrains.io.BuiltInServer - web server stopped 
2020-03-13 12:07:24,280 [  13670]   INFO - Types.impl.FileTypeManagerImpl - FileTypeManager: 0 auto-detected files
Elapsed time on auto-detect: 0 ms 
2020-03-13 12:07:24,289 [  13679]   INFO - newvfs.persistent.PersistentFS - VFS dispose started 
2020-03-13 12:07:24,295 [  13685]   INFO - newvfs.persistent.PersistentFS - VFS dispose completed 
2020-03-13 12:07:24,295 [  13685]   INFO - plication.impl.ApplicationImpl - Write action Statistics:
Event number:     0
Total time spent: 0ms
Average duration: 0ms
Median  duration: 0ms
Max     duration: 0ms (it was 'null') 
2020-03-13 12:07:24,296 [  13686]   INFO - plication.impl.ApplicationImpl - AnAction.update() Statistics:
Event number:     0
Total time spent: 0ms
Average duration: 0ms
Median  duration: 0ms
Max     duration: 0ms (it was 'null') 
2020-03-13 12:07:24,296 [  13686]   INFO - plication.impl.ApplicationImpl - Global instance threads created counter = 8; ProcessIOExecutorService threads: 0 
2020-03-13 12:07:24,297 [  13687]   INFO -        #com.intellij.idea.Main - ------------------------------------------------------ IDE SHUTDOWN ------------------------------------------------------ 
2020-03-13 12:07:24,298 [  13688]   INFO - org.jetbrains.io.BuiltInServer - web server stopped 
2020-03-13 13:48:46,723 [      0]   INFO -        #com.intellij.idea.Main - ------------------------------------------------------ IDE STARTED ------------------------------------------------------ 
2020-03-13 13:48:46,836 [    113]   INFO -        #com.intellij.idea.Main - IDE: IntelliJ IDEA (build #IC-191.8026.42, 30 Jul 2019 01:04) 
2020-03-13 13:48:46,836 [    113]   INFO -        #com.intellij.idea.Main - OS: Mac OS X (10.14.6, x86_64) 
2020-03-13 13:48:46,836 [    113]   INFO -        #com.intellij.idea.Main - JRE: 1.8.0_212-release-1586-b4 (JetBrains s.r.o) 
2020-03-13 13:48:46,836 [    113]   INFO -        #com.intellij.idea.Main - JVM: 25.212-b4 (OpenJDK 64-Bit Server VM) 
2020-03-13 13:48:46,845 [    122]   INFO -        #com.intellij.idea.Main - JVM Args: -Dapple.awt.fileDialogForDirectories=true -Dapple.laf.useScreenMenuBar=true -Didea.classpath.index.enabled=false -Didea.config.path=/Users/randy/projects/sql-string-to-list/build/idea-sandbox/config -Didea.is.internal=true -Didea.platform.prefix=Idea -Didea.plugins.path=/Users/randy/projects/sql-string-to-list/build/idea-sandbox/plugins -Didea.required.plugins.id=com.randyFRS.sql-string-to-list -Didea.smooth.progress=false -Didea.system.path=/Users/randy/projects/sql-string-to-list/build/idea-sandbox/system -Xms256m -Xmx512m -Dfile.encoding=UTF-8 -Duser.country=US -Duser.language=en -Duser.variant -ea 
2020-03-13 13:48:46,846 [    123]   INFO -        #com.intellij.idea.Main - ext: /Users/randy/.gradle/caches/modules-2/files-2.1/com.jetbrains/jbre/jbrx-8u212-osx-x64-b1586.4/jdk/Contents/Home/jre/lib/ext: [sunec.jar, nashorn.jar, cldrdata.jar, jfxrt.jar, dnsns.jar, localedata.jar, sunjce_provider.jar, meta-index, sunpkcs11.jar, jaccess.jar, zipfs.jar] 
2020-03-13 13:48:46,846 [    123]   INFO -        #com.intellij.idea.Main - ext: /System/Library/Java/Extensions: [MRJToolkit.jar] 
2020-03-13 13:48:46,846 [    123]   INFO -        #com.intellij.idea.Main - charsets: JNU=UTF-8 file=UTF-8 
2020-03-13 13:48:46,864 [    141]   INFO -        #com.intellij.idea.Main - JNA library (64-bit) loaded in 18 ms 
2020-03-13 13:48:46,897 [    174]   INFO - .intellij.idea.IdeaApplication - CPU cores: 8; ForkJoinPool.commonPool: java.util.concurrent.ForkJoinPool@1a7b2b87[Running, parallelism = 8, size = 0, active = 0, running = 0, steals = 0, tasks = 0, submissions = 0]; factory: com.intellij.concurrency.IdeaForkJoinWorkerThreadFactory@56b349fb 
2020-03-13 13:48:47,206 [    483]   INFO - llij.ide.plugins.PluginManager - Cannot find optional descriptor duplicates-groovy.xml 
2020-03-13 13:48:47,207 [    484]   INFO - llij.ide.plugins.PluginManager - Cannot find optional descriptor duplicates-detection-groovy.xml 
2020-03-13 13:48:47,351 [    628]   INFO - llij.ide.plugins.PluginManager - load plugin descriptors took 286 ms 
2020-03-13 13:48:47,419 [    696]   INFO - llij.ide.plugins.PluginManager - 35 plugins initialized in 361 ms 
2020-03-13 13:48:47,419 [    696]   INFO - llij.ide.plugins.PluginManager - Loaded bundled plugins: Android Support (10.3.3), Ant Support (191.8026.42), Bytecode Viewer (191.8026.42), Copyright (191.8026.42), Coverage (191.8026.42), Eclipse Integration (191.8026.42), EditorConfig (191.8026.42), Git Integration (191.8026.42), GitHub (191.8026.42), Gradle (191.8026.42), Groovy (191.8026.42), I18n for Java (191.8026.42), IDEA CORE (191.8026.42), IntelliJ Configuration Script (191.8026.42), IntelliLang (191.8026.42), JUnit (191.8026.42), Java Bytecode Decompiler (191.8026.42), Java Stream Debugger (191.8026.42), JavaFX (191.8026.42), Kotlin (1.3.21-release-IJ2019.1-3), Maven Integration (191.8026.42), Mercurial Integration (191.8026.42), Plugin DevKit (191.8026.42), Properties Support (191.8026.42), Settings Repository (191.8026.42), Smali Support (191.8026.42), Subversion (191.8026.42), Task Management (191.8026.42), Terminal (191.8026.42), TestNG-J (191.8026.42), UI Designer (191.8026.42), XPathView + XSLT Support (191.8026.42), XSLT-Debugger (191.8026.42), YAML (191.8026.42) 
2020-03-13 13:48:47,420 [    697]   INFO - llij.ide.plugins.PluginManager - Loaded custom plugins: SQL String to List (1.0) 
2020-03-13 13:48:47,464 [    741]   INFO -     #com.intellij.util.ui.JBUI - User scale factor: 1.0 
2020-03-13 13:48:47,464 [    741]   INFO -     #com.intellij.util.ui.JBUI - System scale factor: 1.0 (JRE-managed HiDPI) 
2020-03-13 13:48:48,265 [   1542]   INFO - ellij.util.io.PagedFileStorage - lower=100; upper=435; buffer=10; max=435 
2020-03-13 13:48:48,312 [   1589]   INFO - pl.local.NativeFileWatcherImpl - Native file watcher is disabled 
2020-03-13 13:48:48,809 [   2086]  ERROR - nSystem.impl.ActionManagerImpl - com.intellij.openapi.actionSystem.DefaultActionGroup (SqlStringToList): "relative-to-action" cannot be null if anchor is "after" or "before" [Plugin: com.randyFRS.sql-string-to-list] 
com.intellij.diagnostic.PluginException: com.intellij.openapi.actionSystem.DefaultActionGroup (SqlStringToList): "relative-to-action" cannot be null if anchor is "after" or "before" [Plugin: com.randyFRS.sql-string-to-list]
	at com.intellij.openapi.actionSystem.impl.ActionManagerImpl.reportActionError(ActionManagerImpl.java:338)
	at com.intellij.openapi.actionSystem.impl.ActionManagerImpl.reportActionError(ActionManagerImpl.java:333)
	at com.intellij.openapi.actionSystem.impl.ActionManagerImpl.checkRelativeToAction(ActionManagerImpl.java:266)
	at com.intellij.openapi.actionSystem.impl.ActionManagerImpl.processAddToGroupNode(ActionManagerImpl.java:793)
	at com.intellij.openapi.actionSystem.impl.ActionManagerImpl.processGroupElement(ActionManagerImpl.java:729)
	at com.intellij.openapi.actionSystem.impl.ActionManagerImpl.processActionsChildElement(ActionManagerImpl.java:960)
	at com.intellij.openapi.actionSystem.impl.ActionManagerImpl.registerPluginActions(ActionManagerImpl.java:450)
	at com.intellij.openapi.actionSystem.impl.ActionManagerImpl.<init>(ActionManagerImpl.java:137)
	at sun.reflect.NativeConstructorAccessorImpl.newInstance0(Native Method)
	at sun.reflect.NativeConstructorAccessorImpl.newInstance(NativeConstructorAccessorImpl.java:62)
	at sun.reflect.DelegatingConstructorAccessorImpl.newInstance(DelegatingConstructorAccessorImpl.java:45)
	at java.lang.reflect.Constructor.newInstance(Constructor.java:423)
	at org.picocontainer.defaults.InstantiatingComponentAdapter.newInstance(InstantiatingComponentAdapter.java:193)
	at com.intellij.util.pico.CachingConstructorInjectionComponentAdapter.doGetComponentInstance(CachingConstructorInjectionComponentAdapter.java:92)
	at com.intellij.util.pico.CachingConstructorInjectionComponentAdapter.instantiateGuarded(CachingConstructorInjectionComponentAdapter.java:66)
	at com.intellij.util.pico.CachingConstructorInjectionComponentAdapter.getComponentInstance(CachingConstructorInjectionComponentAdapter.java:48)
	at com.intellij.openapi.components.impl.ComponentManagerImpl$ComponentConfigComponentAdapter.getComponentInstance(ComponentManagerImpl.java:458)
	at com.intellij.util.pico.DefaultPicoContainer.getLocalInstance(DefaultPicoContainer.java:246)
	at com.intellij.util.pico.DefaultPicoContainer.getComponentInstance(DefaultPicoContainer.java:213)
	at org.picocontainer.defaults.BasicComponentParameter.resolveInstance(BasicComponentParameter.java:77)
	at org.picocontainer.defaults.ComponentParameter.resolveInstance(ComponentParameter.java:114)
	at com.intellij.util.pico.CachingConstructorInjectionComponentAdapter.getConstructorArguments(CachingConstructorInjectionComponentAdapter.java:118)
	at com.intellij.util.pico.CachingConstructorInjectionComponentAdapter.doGetComponentInstance(CachingConstructorInjectionComponentAdapter.java:89)
	at com.intellij.util.pico.CachingConstructorInjectionComponentAdapter.instantiateGuarded(CachingConstructorInjectionComponentAdapter.java:66)
	at com.intellij.util.pico.CachingConstructorInjectionComponentAdapter.getComponentInstance(CachingConstructorInjectionComponentAdapter.java:48)
	at com.intellij.openapi.components.impl.ServiceManagerImpl$MyComponentAdapter.createAndInitialize(ServiceManagerImpl.java:222)
	at com.intellij.openapi.components.impl.ServiceManagerImpl$MyComponentAdapter.lambda$getComponentInstance$0(ServiceManagerImpl.java:209)
	at com.intellij.openapi.components.impl.ServiceManagerImpl$MyComponentAdapter.getComponentInstance(ServiceManagerImpl.java:213)
	at com.intellij.util.pico.DefaultPicoContainer.getLocalInstance(DefaultPicoContainer.java:246)
	at com.intellij.util.pico.DefaultPicoContainer.getComponentInstance(DefaultPicoContainer.java:213)
	at org.picocontainer.defaults.BasicComponentParameter.resolveInstance(BasicComponentParameter.java:77)
	at org.picocontainer.defaults.ComponentParameter.resolveInstance(ComponentParameter.java:114)
	at com.intellij.util.pico.CachingConstructorInjectionComponentAdapter.getConstructorArguments(CachingConstructorInjectionComponentAdapter.java:118)
	at com.intellij.util.pico.CachingConstructorInjectionComponentAdapter.doGetComponentInstance(CachingConstructorInjectionComponentAdapter.java:89)
	at com.intellij.util.pico.CachingConstructorInjectionComponentAdapter.instantiateGuarded(CachingConstructorInjectionComponentAdapter.java:66)
	at com.intellij.util.pico.CachingConstructorInjectionComponentAdapter.getComponentInstance(CachingConstructorInjectionComponentAdapter.java:48)
	at com.intellij.openapi.components.impl.ComponentManagerImpl$ComponentConfigComponentAdapter.getComponentInstance(ComponentManagerImpl.java:458)
	at com.intellij.openapi.components.impl.ComponentManagerImpl.createComponents(ComponentManagerImpl.java:104)
	at com.intellij.openapi.application.impl.ApplicationImpl.lambda$createComponents$9(ApplicationImpl.java:449)
	at com.intellij.openapi.application.impl.ApplicationImpl.createComponents(ApplicationImpl.java:470)
	at com.intellij.openapi.components.impl.ComponentManagerImpl.init(ComponentManagerImpl.java:88)
	at com.intellij.openapi.application.impl.ApplicationImpl.load(ApplicationImpl.java:407)
	at com.intellij.openapi.application.impl.ApplicationImpl.load(ApplicationImpl.java:393)
	at com.intellij.idea.IdeaApplication.run(IdeaApplication.java:208)
	at com.intellij.idea.IdeaApplication.lambda$initApplication$0(IdeaApplication.java:74)
	at java.awt.event.InvocationEvent.dispatch(InvocationEvent.java:311)
	at java.awt.EventQueue.dispatchEventImpl(EventQueue.java:764)
	at java.awt.EventQueue.access$500(EventQueue.java:98)
	at java.awt.EventQueue$3.run(EventQueue.java:715)
	at java.awt.EventQueue$3.run(EventQueue.java:709)
	at java.security.AccessController.doPrivileged(Native Method)
	at java.security.ProtectionDomain$JavaSecurityAccessImpl.doIntersectionPrivilege(ProtectionDomain.java:74)
	at java.awt.EventQueue.dispatchEvent(EventQueue.java:734)
	at com.intellij.ide.IdeEventQueue.dispatchEvent(IdeEventQueue.java:349)
	at java.awt.EventDispatchThread.pumpOneEventForFilters(EventDispatchThread.java:205)
	at java.awt.EventDispatchThread.pumpEventsForFilter(EventDispatchThread.java:116)
	at java.awt.EventDispatchThread.pumpEventsForHierarchy(EventDispatchThread.java:105)
	at java.awt.EventDispatchThread.pumpEvents(EventDispatchThread.java:101)
	at java.awt.EventDispatchThread.pumpEvents(EventDispatchThread.java:93)
	at java.awt.EventDispatchThread.run(EventDispatchThread.java:82)
2020-03-13 13:48:48,812 [   2089]  ERROR - nSystem.impl.ActionManagerImpl - IntelliJ IDEA 2019.1.4  Build #IC-191.8026.42 
2020-03-13 13:48:48,812 [   2089]  ERROR - nSystem.impl.ActionManagerImpl - JDK: 1.8.0_212-release; VM: OpenJDK 64-Bit Server VM; Vendor: JetBrains s.r.o 
2020-03-13 13:48:48,812 [   2089]  ERROR - nSystem.impl.ActionManagerImpl - OS: Mac OS X 
2020-03-13 13:48:48,824 [   2101]  ERROR - nSystem.impl.ActionManagerImpl - Plugin to blame: SQL String to List version: 1.0 
2020-03-13 13:48:49,057 [   2334]   INFO - til.net.ssl.CertificateManager - Default SSL context initialized 
2020-03-13 13:48:49,061 [   2338]   WARN - com.intellij.util.xmlb.Binding - no accessors for interface com.intellij.openapi.extensions.PluginDescriptor 
2020-03-13 13:48:49,065 [   2342]   INFO - rains.ide.BuiltInServerManager - built-in server started, port 63343 
2020-03-13 13:48:49,127 [   2404]   INFO - m.intellij.ui.mac.touchbar.NST - The graphics environment is headless, skip nst loading 
2020-03-13 13:48:49,252 [   2529]   INFO - il.indexing.FileBasedIndexImpl - Index exts enumerated:91, number of extensions:47 
2020-03-13 13:48:49,261 [   2538]   INFO - il.indexing.FileBasedIndexImpl - Index scheduled:9 
2020-03-13 13:48:49,280 [   2557]   INFO - tellij.psi.stubs.StubIndexImpl - All stub exts enumerated:16, number of extensions:50 
2020-03-13 13:48:49,280 [   2557]   INFO - tellij.psi.stubs.StubIndexImpl - stub exts update scheduled:0 
2020-03-13 13:48:49,603 [   2880]   INFO - plication.impl.ApplicationImpl - 74 application components initialized in 2111ms 
2020-03-13 13:48:49,768 [   3045]   INFO - ellij.project.impl.ProjectImpl - 20 project components initialized in 156 ms 
2020-03-13 13:48:49,871 [   3148]   INFO - pl$FileIndexDataInitialization - Initialization done:609 
2020-03-13 13:48:49,939 [   3216]   INFO - exImpl$StubIndexInitialization - Initialization done:68 
2020-03-13 13:48:49,947 [   3224]   WARN - ConfigurableExtensionPointUtil - ignore deprecated groupId: language for id: preferences.language.Kotlin.scripting 
2020-03-13 13:48:51,712 [   4989]   INFO - com.intellij.ide.ui.UISettings - Loaded: fontSize=12, fontScale=1.0; restored: fontSize=12, fontScale=1.0 
2020-03-13 13:48:52,286 [   5563]   INFO - CompilerWorkspaceConfiguration - Available processors: 8 
2020-03-13 13:48:52,947 [   6224]   INFO - pi.util.registry.RegistryValue - Registry value 'java.completion.argument.hints' has changed to 'false' 
2020-03-13 13:48:52,947 [   6224]   INFO - pi.util.registry.RegistryValue - Registry value 'java.completion.argument.hints.internal' has changed to 'false' 
2020-03-13 13:48:53,442 [   6719]   INFO - com.intellij.ide.ui.UISettings - Loaded: fontSize=12, fontScale=1.0; restored: fontSize=12, fontScale=1.0 
2020-03-13 13:48:59,487 [  12764]   INFO - stubs.SerializationManagerImpl - START StubSerializationManager SHUTDOWN 
2020-03-13 13:48:59,488 [  12765]   INFO - stubs.SerializationManagerImpl - END StubSerializationManager SHUTDOWN 
2020-03-13 13:48:59,488 [  12765]   INFO - il.indexing.FileBasedIndexImpl - START INDEX SHUTDOWN 
2020-03-13 13:48:59,502 [  12779]   INFO - il.indexing.FileBasedIndexImpl - END INDEX SHUTDOWN 
2020-03-13 13:48:59,503 [  12780]   INFO - org.jetbrains.io.BuiltInServer - web server stopped 
2020-03-13 13:48:59,504 [  12781]   INFO - Types.impl.FileTypeManagerImpl - FileTypeManager: 0 auto-detected files
Elapsed time on auto-detect: 0 ms 
2020-03-13 13:48:59,511 [  12788]   INFO - newvfs.persistent.PersistentFS - VFS dispose started 
2020-03-13 13:48:59,513 [  12790]   INFO - newvfs.persistent.PersistentFS - VFS dispose completed 
2020-03-13 13:48:59,514 [  12791]   INFO - plication.impl.ApplicationImpl - Write action Statistics:
Event number:     0
Total time spent: 0ms
Average duration: 0ms
Median  duration: 0ms
Max     duration: 0ms (it was 'null') 
2020-03-13 13:48:59,514 [  12791]   INFO - plication.impl.ApplicationImpl - AnAction.update() Statistics:
Event number:     0
Total time spent: 0ms
Average duration: 0ms
Median  duration: 0ms
Max     duration: 0ms (it was 'null') 
2020-03-13 13:48:59,515 [  12792]   INFO - plication.impl.ApplicationImpl - Global instance threads created counter = 8; ProcessIOExecutorService threads: 0 
2020-03-13 13:48:59,516 [  12793]   INFO -        #com.intellij.idea.Main - ------------------------------------------------------ IDE SHUTDOWN ------------------------------------------------------ 
2020-03-13 13:48:59,516 [  12793]   INFO - org.jetbrains.io.BuiltInServer - web server stopped 
2020-03-13 13:54:31,549 [      0]   INFO -        #com.intellij.idea.Main - ------------------------------------------------------ IDE STARTED ------------------------------------------------------ 
2020-03-13 13:54:31,665 [    116]   INFO -        #com.intellij.idea.Main - IDE: IntelliJ IDEA (build #IC-191.8026.42, 30 Jul 2019 01:04) 
2020-03-13 13:54:31,665 [    116]   INFO -        #com.intellij.idea.Main - OS: Mac OS X (10.14.6, x86_64) 
2020-03-13 13:54:31,665 [    116]   INFO -        #com.intellij.idea.Main - JRE: 1.8.0_212-release-1586-b4 (JetBrains s.r.o) 
2020-03-13 13:54:31,665 [    116]   INFO -        #com.intellij.idea.Main - JVM: 25.212-b4 (OpenJDK 64-Bit Server VM) 
2020-03-13 13:54:31,678 [    129]   INFO -        #com.intellij.idea.Main - JVM Args: -Dapple.awt.fileDialogForDirectories=true -Dapple.laf.useScreenMenuBar=true -Didea.classpath.index.enabled=false -Didea.config.path=/Users/randy/projects/sql-string-to-list/build/idea-sandbox/config -Didea.is.internal=true -Didea.platform.prefix=Idea -Didea.plugins.path=/Users/randy/projects/sql-string-to-list/build/idea-sandbox/plugins -Didea.required.plugins.id=com.randyFRS.sql-string-to-list -Didea.smooth.progress=false -Didea.system.path=/Users/randy/projects/sql-string-to-list/build/idea-sandbox/system -Xms256m -Xmx512m -Dfile.encoding=UTF-8 -Duser.country=US -Duser.language=en -Duser.variant -ea 
2020-03-13 13:54:31,679 [    130]   INFO -        #com.intellij.idea.Main - ext: /Users/randy/.gradle/caches/modules-2/files-2.1/com.jetbrains/jbre/jbrx-8u212-osx-x64-b1586.4/jdk/Contents/Home/jre/lib/ext: [sunec.jar, nashorn.jar, cldrdata.jar, jfxrt.jar, dnsns.jar, localedata.jar, sunjce_provider.jar, meta-index, sunpkcs11.jar, jaccess.jar, zipfs.jar] 
2020-03-13 13:54:31,679 [    130]   INFO -        #com.intellij.idea.Main - ext: /System/Library/Java/Extensions: [MRJToolkit.jar] 
2020-03-13 13:54:31,679 [    130]   INFO -        #com.intellij.idea.Main - charsets: JNU=UTF-8 file=UTF-8 
2020-03-13 13:54:31,698 [    149]   INFO -        #com.intellij.idea.Main - JNA library (64-bit) loaded in 18 ms 
2020-03-13 13:54:31,750 [    201]   INFO - .intellij.idea.IdeaApplication - CPU cores: 8; ForkJoinPool.commonPool: java.util.concurrent.ForkJoinPool@1f9f2b86[Running, parallelism = 8, size = 0, active = 0, running = 0, steals = 0, tasks = 0, submissions = 0]; factory: com.intellij.concurrency.IdeaForkJoinWorkerThreadFactory@4b045458 
2020-03-13 13:54:32,065 [    516]   INFO - llij.ide.plugins.PluginManager - Cannot find optional descriptor duplicates-groovy.xml 
2020-03-13 13:54:32,066 [    517]   INFO - llij.ide.plugins.PluginManager - Cannot find optional descriptor duplicates-detection-groovy.xml 
2020-03-13 13:54:32,217 [    668]   INFO - llij.ide.plugins.PluginManager - load plugin descriptors took 297 ms 
2020-03-13 13:54:32,282 [    733]   INFO - llij.ide.plugins.PluginManager - 35 plugins initialized in 369 ms 
2020-03-13 13:54:32,283 [    734]   INFO - llij.ide.plugins.PluginManager - Loaded bundled plugins: Android Support (10.3.3), Ant Support (191.8026.42), Bytecode Viewer (191.8026.42), Copyright (191.8026.42), Coverage (191.8026.42), Eclipse Integration (191.8026.42), EditorConfig (191.8026.42), Git Integration (191.8026.42), GitHub (191.8026.42), Gradle (191.8026.42), Groovy (191.8026.42), I18n for Java (191.8026.42), IDEA CORE (191.8026.42), IntelliJ Configuration Script (191.8026.42), IntelliLang (191.8026.42), JUnit (191.8026.42), Java Bytecode Decompiler (191.8026.42), Java Stream Debugger (191.8026.42), JavaFX (191.8026.42), Kotlin (1.3.21-release-IJ2019.1-3), Maven Integration (191.8026.42), Mercurial Integration (191.8026.42), Plugin DevKit (191.8026.42), Properties Support (191.8026.42), Settings Repository (191.8026.42), Smali Support (191.8026.42), Subversion (191.8026.42), Task Management (191.8026.42), Terminal (191.8026.42), TestNG-J (191.8026.42), UI Designer (191.8026.42), XPathView + XSLT Support (191.8026.42), XSLT-Debugger (191.8026.42), YAML (191.8026.42) 
2020-03-13 13:54:32,283 [    734]   INFO - llij.ide.plugins.PluginManager - Loaded custom plugins: SQL String to List (1.0) 
2020-03-13 13:54:32,322 [    773]   INFO -     #com.intellij.util.ui.JBUI - User scale factor: 1.0 
2020-03-13 13:54:32,323 [    774]   INFO -     #com.intellij.util.ui.JBUI - System scale factor: 1.0 (JRE-managed HiDPI) 
2020-03-13 13:54:33,174 [   1625]   INFO - ellij.util.io.PagedFileStorage - lower=100; upper=435; buffer=10; max=435 
2020-03-13 13:54:33,236 [   1687]   INFO - pl.local.NativeFileWatcherImpl - Native file watcher is disabled 
2020-03-13 13:54:33,946 [   2397]   INFO - til.net.ssl.CertificateManager - Default SSL context initialized 
2020-03-13 13:54:33,949 [   2400]   WARN - com.intellij.util.xmlb.Binding - no accessors for interface com.intellij.openapi.extensions.PluginDescriptor 
2020-03-13 13:54:33,954 [   2405]   INFO - rains.ide.BuiltInServerManager - built-in server started, port 63343 
2020-03-13 13:54:34,025 [   2476]   INFO - m.intellij.ui.mac.touchbar.NST - The graphics environment is headless, skip nst loading 
2020-03-13 13:54:34,148 [   2599]   INFO - il.indexing.FileBasedIndexImpl - Index exts enumerated:94, number of extensions:47 
2020-03-13 13:54:34,160 [   2611]   INFO - il.indexing.FileBasedIndexImpl - Index scheduled:12 
2020-03-13 13:54:34,180 [   2631]   INFO - tellij.psi.stubs.StubIndexImpl - All stub exts enumerated:17, number of extensions:50 
2020-03-13 13:54:34,180 [   2631]   INFO - tellij.psi.stubs.StubIndexImpl - stub exts update scheduled:0 
2020-03-13 13:54:34,499 [   2950]   INFO - plication.impl.ApplicationImpl - 74 application components initialized in 2147ms 
2020-03-13 13:54:34,676 [   3127]   INFO - ellij.project.impl.ProjectImpl - 20 project components initialized in 169 ms 
2020-03-13 13:54:34,791 [   3242]   INFO - pl$FileIndexDataInitialization - Initialization done:630 
2020-03-13 13:54:34,862 [   3313]   INFO - exImpl$StubIndexInitialization - Initialization done:71 
2020-03-13 13:54:34,900 [   3351]   WARN - ConfigurableExtensionPointUtil - ignore deprecated groupId: language for id: preferences.language.Kotlin.scripting 
2020-03-13 13:54:36,840 [   5291]   INFO - com.intellij.ide.ui.UISettings - Loaded: fontSize=12, fontScale=1.0; restored: fontSize=12, fontScale=1.0 
2020-03-13 13:54:37,432 [   5883]   INFO - CompilerWorkspaceConfiguration - Available processors: 8 
2020-03-13 13:54:38,105 [   6556]   INFO - pi.util.registry.RegistryValue - Registry value 'java.completion.argument.hints' has changed to 'false' 
2020-03-13 13:54:38,105 [   6556]   INFO - pi.util.registry.RegistryValue - Registry value 'java.completion.argument.hints.internal' has changed to 'false' 
2020-03-13 13:54:38,601 [   7052]   INFO - com.intellij.ide.ui.UISettings - Loaded: fontSize=12, fontScale=1.0; restored: fontSize=12, fontScale=1.0 
2020-03-13 13:54:45,019 [  13470]   INFO - stubs.SerializationManagerImpl - START StubSerializationManager SHUTDOWN 
2020-03-13 13:54:45,021 [  13472]   INFO - stubs.SerializationManagerImpl - END StubSerializationManager SHUTDOWN 
2020-03-13 13:54:45,021 [  13472]   INFO - il.indexing.FileBasedIndexImpl - START INDEX SHUTDOWN 
2020-03-13 13:54:45,044 [  13495]   INFO - il.indexing.FileBasedIndexImpl - END INDEX SHUTDOWN 
2020-03-13 13:54:45,045 [  13496]   INFO - org.jetbrains.io.BuiltInServer - web server stopped 
2020-03-13 13:54:45,046 [  13497]   INFO - Types.impl.FileTypeManagerImpl - FileTypeManager: 0 auto-detected files
Elapsed time on auto-detect: 0 ms 
2020-03-13 13:54:45,057 [  13508]   INFO - newvfs.persistent.PersistentFS - VFS dispose started 
2020-03-13 13:54:45,059 [  13510]   INFO - newvfs.persistent.PersistentFS - VFS dispose completed 
2020-03-13 13:54:45,061 [  13512]   INFO - plication.impl.ApplicationImpl - Write action Statistics:
Event number:     0
Total time spent: 0ms
Average duration: 0ms
Median  duration: 0ms
Max     duration: 0ms (it was 'null') 
2020-03-13 13:54:45,061 [  13512]   INFO - plication.impl.ApplicationImpl - AnAction.update() Statistics:
Event number:     0
Total time spent: 0ms
Average duration: 0ms
Median  duration: 0ms
Max     duration: 0ms (it was 'null') 
2020-03-13 13:54:45,062 [  13513]   INFO - plication.impl.ApplicationImpl - Global instance threads created counter = 8; ProcessIOExecutorService threads: 0 
2020-03-13 13:54:45,063 [  13514]   INFO -        #com.intellij.idea.Main - ------------------------------------------------------ IDE SHUTDOWN ------------------------------------------------------ 
2020-03-13 13:54:45,064 [  13515]   INFO - org.jetbrains.io.BuiltInServer - web server stopped 
2020-03-13 14:09:13,923 [      0]   INFO -        #com.intellij.idea.Main - ------------------------------------------------------ IDE STARTED ------------------------------------------------------ 
2020-03-13 14:09:14,025 [    102]   INFO -        #com.intellij.idea.Main - IDE: IntelliJ IDEA (build #IC-191.8026.42, 30 Jul 2019 01:04) 
2020-03-13 14:09:14,025 [    102]   INFO -        #com.intellij.idea.Main - OS: Mac OS X (10.14.6, x86_64) 
2020-03-13 14:09:14,025 [    102]   INFO -        #com.intellij.idea.Main - JRE: 1.8.0_212-release-1586-b4 (JetBrains s.r.o) 
2020-03-13 14:09:14,025 [    102]   INFO -        #com.intellij.idea.Main - JVM: 25.212-b4 (OpenJDK 64-Bit Server VM) 
2020-03-13 14:09:14,038 [    115]   INFO -        #com.intellij.idea.Main - JVM Args: -Dapple.awt.fileDialogForDirectories=true -Dapple.laf.useScreenMenuBar=true -Didea.classpath.index.enabled=false -Didea.config.path=/Users/randy/projects/sql-string-to-list/build/idea-sandbox/config -Didea.is.internal=true -Didea.platform.prefix=Idea -Didea.plugins.path=/Users/randy/projects/sql-string-to-list/build/idea-sandbox/plugins -Didea.required.plugins.id=com.randyFRS.sql-string-to-list -Didea.smooth.progress=false -Didea.system.path=/Users/randy/projects/sql-string-to-list/build/idea-sandbox/system -Xms256m -Xmx512m -Dfile.encoding=UTF-8 -Duser.country=US -Duser.language=en -Duser.variant -ea 
2020-03-13 14:09:14,038 [    115]   INFO -        #com.intellij.idea.Main - ext: /Users/randy/.gradle/caches/modules-2/files-2.1/com.jetbrains/jbre/jbrx-8u212-osx-x64-b1586.4/jdk/Contents/Home/jre/lib/ext: [sunec.jar, nashorn.jar, cldrdata.jar, jfxrt.jar, dnsns.jar, localedata.jar, sunjce_provider.jar, meta-index, sunpkcs11.jar, jaccess.jar, zipfs.jar] 
2020-03-13 14:09:14,038 [    115]   INFO -        #com.intellij.idea.Main - ext: /System/Library/Java/Extensions: [MRJToolkit.jar] 
2020-03-13 14:09:14,038 [    115]   INFO -        #com.intellij.idea.Main - charsets: JNU=UTF-8 file=UTF-8 
2020-03-13 14:09:14,055 [    132]   INFO -        #com.intellij.idea.Main - JNA library (64-bit) loaded in 16 ms 
2020-03-13 14:09:14,103 [    180]   INFO - .intellij.idea.IdeaApplication - CPU cores: 8; ForkJoinPool.commonPool: java.util.concurrent.ForkJoinPool@67c75f7c[Running, parallelism = 8, size = 0, active = 0, running = 0, steals = 0, tasks = 0, submissions = 0]; factory: com.intellij.concurrency.IdeaForkJoinWorkerThreadFactory@1dffee2a 
2020-03-13 14:09:14,417 [    494]   INFO - llij.ide.plugins.PluginManager - Cannot find optional descriptor duplicates-groovy.xml 
2020-03-13 14:09:14,418 [    495]   INFO - llij.ide.plugins.PluginManager - Cannot find optional descriptor duplicates-detection-groovy.xml 
2020-03-13 14:09:14,579 [    656]   INFO - llij.ide.plugins.PluginManager - load plugin descriptors took 306 ms 
2020-03-13 14:09:14,645 [    722]   INFO - llij.ide.plugins.PluginManager - 35 plugins initialized in 379 ms 
2020-03-13 14:09:14,645 [    722]   INFO - llij.ide.plugins.PluginManager - Loaded bundled plugins: Android Support (10.3.3), Ant Support (191.8026.42), Bytecode Viewer (191.8026.42), Copyright (191.8026.42), Coverage (191.8026.42), Eclipse Integration (191.8026.42), EditorConfig (191.8026.42), Git Integration (191.8026.42), GitHub (191.8026.42), Gradle (191.8026.42), Groovy (191.8026.42), I18n for Java (191.8026.42), IDEA CORE (191.8026.42), IntelliJ Configuration Script (191.8026.42), IntelliLang (191.8026.42), JUnit (191.8026.42), Java Bytecode Decompiler (191.8026.42), Java Stream Debugger (191.8026.42), JavaFX (191.8026.42), Kotlin (1.3.21-release-IJ2019.1-3), Maven Integration (191.8026.42), Mercurial Integration (191.8026.42), Plugin DevKit (191.8026.42), Properties Support (191.8026.42), Settings Repository (191.8026.42), Smali Support (191.8026.42), Subversion (191.8026.42), Task Management (191.8026.42), Terminal (191.8026.42), TestNG-J (191.8026.42), UI Designer (191.8026.42), XPathView + XSLT Support (191.8026.42), XSLT-Debugger (191.8026.42), YAML (191.8026.42) 
2020-03-13 14:09:14,645 [    722]   INFO - llij.ide.plugins.PluginManager - Loaded custom plugins: SQL String to List (1.0) 
2020-03-13 14:09:14,687 [    764]   INFO -     #com.intellij.util.ui.JBUI - User scale factor: 1.0 
2020-03-13 14:09:14,688 [    765]   INFO -     #com.intellij.util.ui.JBUI - System scale factor: 1.0 (JRE-managed HiDPI) 
2020-03-13 14:09:15,516 [   1593]   INFO - ellij.util.io.PagedFileStorage - lower=100; upper=435; buffer=10; max=435 
2020-03-13 14:09:15,566 [   1643]   INFO - pl.local.NativeFileWatcherImpl - Native file watcher is disabled 
2020-03-13 14:09:16,285 [   2362]   INFO - til.net.ssl.CertificateManager - Default SSL context initialized 
2020-03-13 14:09:16,288 [   2365]   WARN - com.intellij.util.xmlb.Binding - no accessors for interface com.intellij.openapi.extensions.PluginDescriptor 
2020-03-13 14:09:16,292 [   2369]   INFO - rains.ide.BuiltInServerManager - built-in server started, port 63343 
2020-03-13 14:09:16,361 [   2438]   INFO - m.intellij.ui.mac.touchbar.NST - The graphics environment is headless, skip nst loading 
2020-03-13 14:09:16,484 [   2561]   INFO - il.indexing.FileBasedIndexImpl - Index exts enumerated:95, number of extensions:47 
2020-03-13 14:09:16,497 [   2574]   INFO - il.indexing.FileBasedIndexImpl - Index scheduled:12 
2020-03-13 14:09:16,516 [   2593]   INFO - tellij.psi.stubs.StubIndexImpl - All stub exts enumerated:16, number of extensions:50 
2020-03-13 14:09:16,516 [   2593]   INFO - tellij.psi.stubs.StubIndexImpl - stub exts update scheduled:0 
2020-03-13 14:09:16,845 [   2922]   INFO - plication.impl.ApplicationImpl - 74 application components initialized in 2128ms 
2020-03-13 14:09:17,039 [   3116]   INFO - ellij.project.impl.ProjectImpl - 20 project components initialized in 185 ms 
2020-03-13 14:09:17,144 [   3221]   INFO - pl$FileIndexDataInitialization - Initialization done:647 
2020-03-13 14:09:17,206 [   3283]   INFO - exImpl$StubIndexInitialization - Initialization done:61 
2020-03-13 14:09:17,229 [   3306]   WARN - ConfigurableExtensionPointUtil - ignore deprecated groupId: language for id: preferences.language.Kotlin.scripting 
2020-03-13 14:09:19,127 [   5204]   INFO - com.intellij.ide.ui.UISettings - Loaded: fontSize=12, fontScale=1.0; restored: fontSize=12, fontScale=1.0 
2020-03-13 14:09:19,750 [   5827]   INFO - CompilerWorkspaceConfiguration - Available processors: 8 
2020-03-13 14:09:20,538 [   6615]   INFO - pi.util.registry.RegistryValue - Registry value 'java.completion.argument.hints' has changed to 'false' 
2020-03-13 14:09:20,539 [   6616]   INFO - pi.util.registry.RegistryValue - Registry value 'java.completion.argument.hints.internal' has changed to 'false' 
2020-03-13 14:09:21,063 [   7140]   INFO - com.intellij.ide.ui.UISettings - Loaded: fontSize=12, fontScale=1.0; restored: fontSize=12, fontScale=1.0 
2020-03-13 14:09:27,274 [  13351]   INFO - stubs.SerializationManagerImpl - START StubSerializationManager SHUTDOWN 
2020-03-13 14:09:27,275 [  13352]   INFO - stubs.SerializationManagerImpl - END StubSerializationManager SHUTDOWN 
2020-03-13 14:09:27,275 [  13352]   INFO - il.indexing.FileBasedIndexImpl - START INDEX SHUTDOWN 
2020-03-13 14:09:27,293 [  13370]   INFO - il.indexing.FileBasedIndexImpl - END INDEX SHUTDOWN 
2020-03-13 14:09:27,294 [  13371]   INFO - org.jetbrains.io.BuiltInServer - web server stopped 
2020-03-13 14:09:27,294 [  13371]   INFO - Types.impl.FileTypeManagerImpl - FileTypeManager: 0 auto-detected files
Elapsed time on auto-detect: 0 ms 
2020-03-13 14:09:27,303 [  13380]   INFO - newvfs.persistent.PersistentFS - VFS dispose started 
2020-03-13 14:09:27,305 [  13382]   INFO - newvfs.persistent.PersistentFS - VFS dispose completed 
2020-03-13 14:09:27,306 [  13383]   INFO - plication.impl.ApplicationImpl - Write action Statistics:
Event number:     0
Total time spent: 0ms
Average duration: 0ms
Median  duration: 0ms
Max     duration: 0ms (it was 'null') 
2020-03-13 14:09:27,306 [  13383]   INFO - plication.impl.ApplicationImpl - AnAction.update() Statistics:
Event number:     0
Total time spent: 0ms
Average duration: 0ms
Median  duration: 0ms
Max     duration: 0ms (it was 'null') 
2020-03-13 14:09:27,307 [  13384]   INFO - plication.impl.ApplicationImpl - Global instance threads created counter = 9; ProcessIOExecutorService threads: 0 
2020-03-13 14:09:27,308 [  13385]   INFO -        #com.intellij.idea.Main - ------------------------------------------------------ IDE SHUTDOWN ------------------------------------------------------ 
2020-03-13 14:09:27,308 [  13385]   INFO - org.jetbrains.io.BuiltInServer - web server stopped 
